[0.199s] Invoking command in '/home/bot/mb6-space/uvlarm-T800/build/grp_T800': CMAKE_PREFIX_PATH=${CMAKE_PREFIX_PATH}:/opt/ros/iron /usr/bin/cmake /home/bot/mb6-space/uvlarm-T800/grp_T800 -DCMAKE_INSTALL_PREFIX=/home/bot/mb6-space/uvlarm-T800/install/grp_T800
[0.261s] -- The C compiler identification is GNU 11.4.0
[0.323s] -- The CXX compiler identification is GNU 11.4.0
[0.332s] -- Detecting C compiler ABI info
[0.412s] -- Detecting C compiler ABI info - done
[0.421s] -- Check for working C compiler: /usr/bin/cc - skipped
[0.422s] -- Detecting C compile features
[0.422s] -- Detecting C compile features - done
[0.425s] -- Detecting CXX compiler ABI info
[0.516s] -- Detecting CXX compiler ABI info - done
[0.525s] -- Check for working CXX compiler: /usr/bin/c++ - skipped
[0.525s] -- Detecting CXX compile features
[0.526s] -- Detecting CXX compile features - done
[0.529s] -- Found ament_cmake: 2.0.3 (/opt/ros/iron/share/ament_cmake/cmake)
[0.750s] -- Found Python3: /usr/bin/python3.10 (found version "3.10.12") found components: Interpreter 
[0.884s] -- Found ament_lint_auto: 0.14.2 (/opt/ros/iron/share/ament_lint_auto/cmake)
[0.943s] WARNING: Package name "grp_T800" does not follow the naming conventions. It should start with a lower case letter and only contain lower case letters, digits, underscores, and dashes.
[1.003s] -- Added test 'cppcheck' to perform static code analysis on C / C++ code
[1.003s] -- Configured cppcheck include dirs: 
[1.003s] -- Configured cppcheck exclude dirs and/or files: 
[1.005s] -- Added test 'flake8' to check Python code syntax and style conventions
[1.005s] -- Configured 'flake8' exclude dirs and/or files: 
[1.008s] -- Added test 'lint_cmake' to check CMake code style
[1.010s] -- Added test 'pep257' to check Python code against some of the docstring style conventions in PEP 257
[1.022s] -- Added test 'uncrustify' to check C / C++ code style
[1.022s] -- Configured uncrustify additional arguments: 
[1.024s] -- Added test 'xmllint' to check XML markup files
[1.026s] -- Configuring done
[1.030s] -- Generating done
[1.031s] -- Build files have been written to: /home/bot/mb6-space/uvlarm-T800/build/grp_T800
[1.038s] Invoked command in '/home/bot/mb6-space/uvlarm-T800/build/grp_T800' returned '0': CMAKE_PREFIX_PATH=${CMAKE_PREFIX_PATH}:/opt/ros/iron /usr/bin/cmake /home/bot/mb6-space/uvlarm-T800/grp_T800 -DCMAKE_INSTALL_PREFIX=/home/bot/mb6-space/uvlarm-T800/install/grp_T800
[1.039s] Invoking command in '/home/bot/mb6-space/uvlarm-T800/build/grp_T800': CMAKE_PREFIX_PATH=${CMAKE_PREFIX_PATH}:/opt/ros/iron /usr/bin/cmake --build /home/bot/mb6-space/uvlarm-T800/build/grp_T800 -- -j8 -l8
[1.083s] Invoked command in '/home/bot/mb6-space/uvlarm-T800/build/grp_T800' returned '0': CMAKE_PREFIX_PATH=${CMAKE_PREFIX_PATH}:/opt/ros/iron /usr/bin/cmake --build /home/bot/mb6-space/uvlarm-T800/build/grp_T800 -- -j8 -l8
[1.112s] Invoking command in '/home/bot/mb6-space/uvlarm-T800/build/grp_T800': CMAKE_PREFIX_PATH=${CMAKE_PREFIX_PATH}:/opt/ros/iron /usr/bin/cmake --install /home/bot/mb6-space/uvlarm-T800/build/grp_T800
[1.120s] -- Install configuration: ""
[1.121s] -- Installing: /home/bot/mb6-space/uvlarm-T800/install/grp_T800/lib/grp_T800/scan_echo.py
[1.121s] -- Installing: /home/bot/mb6-space/uvlarm-T800/install/grp_T800/lib/grp_T800/test-camera.py
[1.121s] -- Installing: /home/bot/mb6-space/uvlarm-T800/install/grp_T800/lib/grp_T800/vision_test.py
[1.121s] -- Installing: /home/bot/mb6-space/uvlarm-T800/install/grp_T800/share/grp_T800//launch
[1.122s] -- Installing: /home/bot/mb6-space/uvlarm-T800/install/grp_T800/share/grp_T800//launch/tbot_launch.yaml
[1.122s] -- Installing: /home/bot/mb6-space/uvlarm-T800/install/grp_T800/share/ament_index/resource_index/package_run_dependencies/grp_T800
[1.122s] -- Installing: /home/bot/mb6-space/uvlarm-T800/install/grp_T800/share/ament_index/resource_index/parent_prefix_path/grp_T800
[1.122s] -- Installing: /home/bot/mb6-space/uvlarm-T800/install/grp_T800/share/grp_T800/environment/ament_prefix_path.sh
[1.122s] -- Installing: /home/bot/mb6-space/uvlarm-T800/install/grp_T800/share/grp_T800/environment/ament_prefix_path.dsv
[1.123s] -- Installing: /home/bot/mb6-space/uvlarm-T800/install/grp_T800/share/grp_T800/environment/path.sh
[1.123s] -- Installing: /home/bot/mb6-space/uvlarm-T800/install/grp_T800/share/grp_T800/environment/path.dsv
[1.123s] -- Installing: /home/bot/mb6-space/uvlarm-T800/install/grp_T800/share/grp_T800/local_setup.bash
[1.123s] -- Installing: /home/bot/mb6-space/uvlarm-T800/install/grp_T800/share/grp_T800/local_setup.sh
[1.124s] -- Installing: /home/bot/mb6-space/uvlarm-T800/install/grp_T800/share/grp_T800/local_setup.zsh
[1.124s] -- Installing: /home/bot/mb6-space/uvlarm-T800/install/grp_T800/share/grp_T800/local_setup.dsv
[1.124s] -- Installing: /home/bot/mb6-space/uvlarm-T800/install/grp_T800/share/grp_T800/package.dsv
[1.124s] -- Installing: /home/bot/mb6-space/uvlarm-T800/install/grp_T800/share/ament_index/resource_index/packages/grp_T800
[1.124s] -- Installing: /home/bot/mb6-space/uvlarm-T800/install/grp_T800/share/grp_T800/cmake/grp_T800Config.cmake
[1.124s] -- Installing: /home/bot/mb6-space/uvlarm-T800/install/grp_T800/share/grp_T800/cmake/grp_T800Config-version.cmake
[1.125s] -- Installing: /home/bot/mb6-space/uvlarm-T800/install/grp_T800/share/grp_T800/package.xml
[1.223s] Invoked command in '/home/bot/mb6-space/uvlarm-T800/build/grp_T800' returned '0': CMAKE_PREFIX_PATH=${CMAKE_PREFIX_PATH}:/opt/ros/iron /usr/bin/cmake --install /home/bot/mb6-space/uvlarm-T800/build/grp_T800
