-- The C compiler identification is GNU 11.4.0
-- The CXX compiler identification is GNU 11.4.0
-- Detecting C compiler ABI info
-- Detecting C compiler ABI info - done
-- Check for working C compiler: /usr/bin/cc - skipped
-- Detecting C compile features
-- Detecting C compile features - done
-- Detecting CXX compiler ABI info
-- Detecting CXX compiler ABI info - done
-- Check for working CXX compiler: /usr/bin/c++ - skipped
-- Detecting CXX compile features
-- Detecting CXX compile features - done
-- Found ament_cmake: 2.0.3 (/opt/ros/iron/share/ament_cmake/cmake)
-- Found Python3: /usr/bin/python3.10 (found version "3.10.12") found components: Interpreter 
-- Found ament_lint_auto: 0.14.2 (/opt/ros/iron/share/ament_lint_auto/cmake)
-- Added test 'lint_cmake' to check CMake code style
-- Added test 'xmllint' to check XML markup files
-- Configuring done
-- Generating done
-- Build files have been written to: /home/bot/mb6-space/uvlarm-T800/build/T-800
-- Install configuration: ""
-- Installing: /home/bot/mb6-space/uvlarm-T800/install/T-800/share/ament_index/resource_index/package_run_dependencies/T-800
-- Installing: /home/bot/mb6-space/uvlarm-T800/install/T-800/share/ament_index/resource_index/parent_prefix_path/T-800
-- Installing: /home/bot/mb6-space/uvlarm-T800/install/T-800/share/T-800/environment/ament_prefix_path.sh
-- Installing: /home/bot/mb6-space/uvlarm-T800/install/T-800/share/T-800/environment/ament_prefix_path.dsv
-- Installing: /home/bot/mb6-space/uvlarm-T800/install/T-800/share/T-800/environment/path.sh
-- Installing: /home/bot/mb6-space/uvlarm-T800/install/T-800/share/T-800/environment/path.dsv
-- Installing: /home/bot/mb6-space/uvlarm-T800/install/T-800/share/T-800/local_setup.bash
-- Installing: /home/bot/mb6-space/uvlarm-T800/install/T-800/share/T-800/local_setup.sh
-- Installing: /home/bot/mb6-space/uvlarm-T800/install/T-800/share/T-800/local_setup.zsh
-- Installing: /home/bot/mb6-space/uvlarm-T800/install/T-800/share/T-800/local_setup.dsv
-- Installing: /home/bot/mb6-space/uvlarm-T800/install/T-800/share/T-800/package.dsv
-- Installing: /home/bot/mb6-space/uvlarm-T800/install/T-800/share/ament_index/resource_index/packages/T-800
-- Installing: /home/bot/mb6-space/uvlarm-T800/install/T-800/share/T-800/cmake/T-800Config.cmake
-- Installing: /home/bot/mb6-space/uvlarm-T800/install/T-800/share/T-800/cmake/T-800Config-version.cmake
-- Installing: /home/bot/mb6-space/uvlarm-T800/install/T-800/share/T-800/package.xml
