[0.287s] Invoking command in '/home/bot/mb6-space/uvlarm-T800/build/T-800': CMAKE_PREFIX_PATH=${CMAKE_PREFIX_PATH}:/opt/ros/iron /usr/bin/cmake /home/bot/mb6-space/uvlarm-T800/T-800 -DCMAKE_INSTALL_PREFIX=/home/bot/mb6-space/uvlarm-T800/install/T-800
[0.355s] -- The C compiler identification is GNU 11.4.0
[0.424s] -- The CXX compiler identification is GNU 11.4.0
[0.432s] -- Detecting C compiler ABI info
[0.511s] -- Detecting C compiler ABI info - done
[0.519s] -- Check for working C compiler: /usr/bin/cc - skipped
[0.519s] -- Detecting C compile features
[0.520s] -- Detecting C compile features - done
[0.524s] -- Detecting CXX compiler ABI info
[0.613s] -- Detecting CXX compiler ABI info - done
[0.628s] -- Check for working CXX compiler: /usr/bin/c++ - skipped
[0.629s] -- Detecting CXX compile features
[0.629s] -- Detecting CXX compile features - done
[0.634s] -- Found ament_cmake: 2.0.3 (/opt/ros/iron/share/ament_cmake/cmake)
[0.858s] -- Found Python3: /usr/bin/python3.10 (found version "3.10.12") found components: Interpreter 
[1.000s] -- Found ament_lint_auto: 0.14.2 (/opt/ros/iron/share/ament_lint_auto/cmake)
[1.073s] WARNING: Package name "T-800" does not follow the naming conventions. It should start with a lower case letter and only contain lower case letters, digits, underscores, and dashes.
[1.113s] -- Added test 'lint_cmake' to check CMake code style
[1.114s] -- Added test 'xmllint' to check XML markup files
[1.116s] -- Configuring done
[1.121s] -- Generating done
[1.121s] -- Build files have been written to: /home/bot/mb6-space/uvlarm-T800/build/T-800
[1.126s] Invoked command in '/home/bot/mb6-space/uvlarm-T800/build/T-800' returned '0': CMAKE_PREFIX_PATH=${CMAKE_PREFIX_PATH}:/opt/ros/iron /usr/bin/cmake /home/bot/mb6-space/uvlarm-T800/T-800 -DCMAKE_INSTALL_PREFIX=/home/bot/mb6-space/uvlarm-T800/install/T-800
[1.128s] Invoking command in '/home/bot/mb6-space/uvlarm-T800/build/T-800': CMAKE_PREFIX_PATH=${CMAKE_PREFIX_PATH}:/opt/ros/iron /usr/bin/cmake --build /home/bot/mb6-space/uvlarm-T800/build/T-800 -- -j8 -l8
[1.171s] Invoked command in '/home/bot/mb6-space/uvlarm-T800/build/T-800' returned '0': CMAKE_PREFIX_PATH=${CMAKE_PREFIX_PATH}:/opt/ros/iron /usr/bin/cmake --build /home/bot/mb6-space/uvlarm-T800/build/T-800 -- -j8 -l8
[1.204s] Invoking command in '/home/bot/mb6-space/uvlarm-T800/build/T-800': CMAKE_PREFIX_PATH=${CMAKE_PREFIX_PATH}:/opt/ros/iron /usr/bin/cmake --install /home/bot/mb6-space/uvlarm-T800/build/T-800
[1.214s] -- Install configuration: ""
[1.215s] -- Installing: /home/bot/mb6-space/uvlarm-T800/install/T-800/share/ament_index/resource_index/package_run_dependencies/T-800
[1.215s] -- Installing: /home/bot/mb6-space/uvlarm-T800/install/T-800/share/ament_index/resource_index/parent_prefix_path/T-800
[1.215s] -- Installing: /home/bot/mb6-space/uvlarm-T800/install/T-800/share/T-800/environment/ament_prefix_path.sh
[1.215s] -- Installing: /home/bot/mb6-space/uvlarm-T800/install/T-800/share/T-800/environment/ament_prefix_path.dsv
[1.216s] -- Installing: /home/bot/mb6-space/uvlarm-T800/install/T-800/share/T-800/environment/path.sh
[1.217s] -- Installing: /home/bot/mb6-space/uvlarm-T800/install/T-800/share/T-800/environment/path.dsv
[1.217s] -- Installing: /home/bot/mb6-space/uvlarm-T800/install/T-800/share/T-800/local_setup.bash
[1.217s] -- Installing: /home/bot/mb6-space/uvlarm-T800/install/T-800/share/T-800/local_setup.sh
[1.217s] -- Installing: /home/bot/mb6-space/uvlarm-T800/install/T-800/share/T-800/local_setup.zsh
[1.218s] -- Installing: /home/bot/mb6-space/uvlarm-T800/install/T-800/share/T-800/local_setup.dsv
[1.218s] -- Installing: /home/bot/mb6-space/uvlarm-T800/install/T-800/share/T-800/package.dsv
[1.218s] -- Installing: /home/bot/mb6-space/uvlarm-T800/install/T-800/share/ament_index/resource_index/packages/T-800
[1.218s] -- Installing: /home/bot/mb6-space/uvlarm-T800/install/T-800/share/T-800/cmake/T-800Config.cmake
[1.219s] -- Installing: /home/bot/mb6-space/uvlarm-T800/install/T-800/share/T-800/cmake/T-800Config-version.cmake
[1.219s] -- Installing: /home/bot/mb6-space/uvlarm-T800/install/T-800/share/T-800/package.xml
[1.506s] Invoked command in '/home/bot/mb6-space/uvlarm-T800/build/T-800' returned '0': CMAKE_PREFIX_PATH=${CMAKE_PREFIX_PATH}:/opt/ros/iron /usr/bin/cmake --install /home/bot/mb6-space/uvlarm-T800/build/T-800
