[0.104s] Invoking command in '/home/bot/mb6-space/uvlarm-T800/build/tuto_kickoff': CMAKE_PREFIX_PATH=${CMAKE_PREFIX_PATH}:/opt/ros/iron /usr/bin/cmake /home/bot/mb6-space/uvlarm-T800/tuto_kickoff -DCMAKE_INSTALL_PREFIX=/home/bot/mb6-space/uvlarm-T800/install/tuto_kickoff
[0.169s] -- The C compiler identification is GNU 11.4.0
[0.236s] -- The CXX compiler identification is GNU 11.4.0
[0.244s] -- Detecting C compiler ABI info
[0.321s] -- Detecting C compiler ABI info - done
[0.330s] -- Check for working C compiler: /usr/bin/cc - skipped
[0.330s] -- Detecting C compile features
[0.331s] -- Detecting C compile features - done
[0.335s] -- Detecting CXX compiler ABI info
[0.424s] -- Detecting CXX compiler ABI info - done
[0.432s] -- Check for working CXX compiler: /usr/bin/c++ - skipped
[0.432s] -- Detecting CXX compile features
[0.433s] -- Detecting CXX compile features - done
[0.436s] -- Found ament_cmake: 2.0.3 (/opt/ros/iron/share/ament_cmake/cmake)
[0.668s] -- Found Python3: /usr/bin/python3.10 (found version "3.10.12") found components: Interpreter 
[0.815s] -- Found ament_lint_auto: 0.14.2 (/opt/ros/iron/share/ament_lint_auto/cmake)
[0.912s] -- Added test 'flake8' to check Python code syntax and style conventions
[0.912s] -- Configured 'flake8' exclude dirs and/or files: 
[0.913s] -- Added test 'lint_cmake' to check CMake code style
[0.914s] -- Added test 'pep257' to check Python code against some of the docstring style conventions in PEP 257
[0.916s] -- Added test 'xmllint' to check XML markup files
[0.918s] -- Configuring done
[0.921s] -- Generating done
[0.922s] -- Build files have been written to: /home/bot/mb6-space/uvlarm-T800/build/tuto_kickoff
[0.928s] Invoked command in '/home/bot/mb6-space/uvlarm-T800/build/tuto_kickoff' returned '0': CMAKE_PREFIX_PATH=${CMAKE_PREFIX_PATH}:/opt/ros/iron /usr/bin/cmake /home/bot/mb6-space/uvlarm-T800/tuto_kickoff -DCMAKE_INSTALL_PREFIX=/home/bot/mb6-space/uvlarm-T800/install/tuto_kickoff
[0.930s] Invoking command in '/home/bot/mb6-space/uvlarm-T800/build/tuto_kickoff': CMAKE_PREFIX_PATH=${CMAKE_PREFIX_PATH}:/opt/ros/iron /usr/bin/cmake --build /home/bot/mb6-space/uvlarm-T800/build/tuto_kickoff -- -j8 -l8
[0.973s] Invoked command in '/home/bot/mb6-space/uvlarm-T800/build/tuto_kickoff' returned '0': CMAKE_PREFIX_PATH=${CMAKE_PREFIX_PATH}:/opt/ros/iron /usr/bin/cmake --build /home/bot/mb6-space/uvlarm-T800/build/tuto_kickoff -- -j8 -l8
[1.010s] Invoking command in '/home/bot/mb6-space/uvlarm-T800/build/tuto_kickoff': CMAKE_PREFIX_PATH=${CMAKE_PREFIX_PATH}:/opt/ros/iron /usr/bin/cmake --install /home/bot/mb6-space/uvlarm-T800/build/tuto_kickoff
[1.019s] -- Install configuration: ""
[1.019s] -- Installing: /home/bot/mb6-space/uvlarm-T800/install/tuto_kickoff/lib/tuto_kickoff/myNode
[1.019s] -- Installing: /home/bot/mb6-space/uvlarm-T800/install/tuto_kickoff/share/tuto_kickoff//launch
[1.019s] -- Installing: /home/bot/mb6-space/uvlarm-T800/install/tuto_kickoff/share/tuto_kickoff//launch/challenge-1.launch.py
[1.020s] -- Installing: /home/bot/mb6-space/uvlarm-T800/install/tuto_kickoff/share/ament_index/resource_index/package_run_dependencies/tuto_kickoff
[1.020s] -- Installing: /home/bot/mb6-space/uvlarm-T800/install/tuto_kickoff/share/ament_index/resource_index/parent_prefix_path/tuto_kickoff
[1.020s] -- Installing: /home/bot/mb6-space/uvlarm-T800/install/tuto_kickoff/share/tuto_kickoff/environment/ament_prefix_path.sh
[1.020s] -- Installing: /home/bot/mb6-space/uvlarm-T800/install/tuto_kickoff/share/tuto_kickoff/environment/ament_prefix_path.dsv
[1.020s] -- Installing: /home/bot/mb6-space/uvlarm-T800/install/tuto_kickoff/share/tuto_kickoff/environment/path.sh
[1.020s] -- Installing: /home/bot/mb6-space/uvlarm-T800/install/tuto_kickoff/share/tuto_kickoff/environment/path.dsv
[1.021s] -- Installing: /home/bot/mb6-space/uvlarm-T800/install/tuto_kickoff/share/tuto_kickoff/local_setup.bash
[1.021s] -- Installing: /home/bot/mb6-space/uvlarm-T800/install/tuto_kickoff/share/tuto_kickoff/local_setup.sh
[1.021s] -- Installing: /home/bot/mb6-space/uvlarm-T800/install/tuto_kickoff/share/tuto_kickoff/local_setup.zsh
[1.021s] -- Installing: /home/bot/mb6-space/uvlarm-T800/install/tuto_kickoff/share/tuto_kickoff/local_setup.dsv
[1.021s] -- Installing: /home/bot/mb6-space/uvlarm-T800/install/tuto_kickoff/share/tuto_kickoff/package.dsv
[1.021s] -- Installing: /home/bot/mb6-space/uvlarm-T800/install/tuto_kickoff/share/ament_index/resource_index/packages/tuto_kickoff
[1.022s] -- Installing: /home/bot/mb6-space/uvlarm-T800/install/tuto_kickoff/share/tuto_kickoff/cmake/tuto_kickoffConfig.cmake
[1.022s] -- Installing: /home/bot/mb6-space/uvlarm-T800/install/tuto_kickoff/share/tuto_kickoff/cmake/tuto_kickoffConfig-version.cmake
[1.023s] -- Installing: /home/bot/mb6-space/uvlarm-T800/install/tuto_kickoff/share/tuto_kickoff/package.xml
[1.029s] Invoked command in '/home/bot/mb6-space/uvlarm-T800/build/tuto_kickoff' returned '0': CMAKE_PREFIX_PATH=${CMAKE_PREFIX_PATH}:/opt/ros/iron /usr/bin/cmake --install /home/bot/mb6-space/uvlarm-T800/build/tuto_kickoff
