-- The C compiler identification is GNU 11.4.0
-- The CXX compiler identification is GNU 11.4.0
-- Detecting C compiler ABI info
-- Detecting C compiler ABI info - done
-- Check for working C compiler: /usr/bin/cc - skipped
-- Detecting C compile features
-- Detecting C compile features - done
-- Detecting CXX compiler ABI info
-- Detecting CXX compiler ABI info - done
-- Check for working CXX compiler: /usr/bin/c++ - skipped
-- Detecting CXX compile features
-- Detecting CXX compile features - done
-- Found ament_cmake: 2.0.3 (/opt/ros/iron/share/ament_cmake/cmake)
-- Found Python3: /usr/bin/python3.10 (found version "3.10.12") found components: Interpreter 
-- Found ament_lint_auto: 0.14.2 (/opt/ros/iron/share/ament_lint_auto/cmake)
-- Added test 'cppcheck' to perform static code analysis on C / C++ code
-- Configured cppcheck include dirs: 
-- Configured cppcheck exclude dirs and/or files: 
-- Added test 'flake8' to check Python code syntax and style conventions
-- Configured 'flake8' exclude dirs and/or files: 
-- Added test 'lint_cmake' to check CMake code style
-- Added test 'pep257' to check Python code against some of the docstring style conventions in PEP 257
-- Added test 'uncrustify' to check C / C++ code style
-- Configured uncrustify additional arguments: 
-- Added test 'xmllint' to check XML markup files
-- Configuring done
-- Generating done
-- Build files have been written to: /home/bot/mb6-space/uvlarm-T800/grp_T800/build/grp_T800
-- Install configuration: ""
-- Installing: /home/bot/mb6-space/uvlarm-T800/grp_T800/install/grp_T800/lib/grp_T800/scan_echo.py
-- Installing: /home/bot/mb6-space/uvlarm-T800/grp_T800/install/grp_T800/lib/grp_T800/test-camera.py
-- Installing: /home/bot/mb6-space/uvlarm-T800/grp_T800/install/grp_T800/lib/grp_T800/vision_test.py
-- Installing: /home/bot/mb6-space/uvlarm-T800/grp_T800/install/grp_T800/share/grp_T800//launch
-- Installing: /home/bot/mb6-space/uvlarm-T800/grp_T800/install/grp_T800/share/grp_T800//launch/tbot_launch.yaml
-- Installing: /home/bot/mb6-space/uvlarm-T800/grp_T800/install/grp_T800/share/ament_index/resource_index/package_run_dependencies/grp_T800
-- Installing: /home/bot/mb6-space/uvlarm-T800/grp_T800/install/grp_T800/share/ament_index/resource_index/parent_prefix_path/grp_T800
-- Installing: /home/bot/mb6-space/uvlarm-T800/grp_T800/install/grp_T800/share/grp_T800/environment/ament_prefix_path.sh
-- Installing: /home/bot/mb6-space/uvlarm-T800/grp_T800/install/grp_T800/share/grp_T800/environment/ament_prefix_path.dsv
-- Installing: /home/bot/mb6-space/uvlarm-T800/grp_T800/install/grp_T800/share/grp_T800/environment/path.sh
-- Installing: /home/bot/mb6-space/uvlarm-T800/grp_T800/install/grp_T800/share/grp_T800/environment/path.dsv
-- Installing: /home/bot/mb6-space/uvlarm-T800/grp_T800/install/grp_T800/share/grp_T800/local_setup.bash
-- Installing: /home/bot/mb6-space/uvlarm-T800/grp_T800/install/grp_T800/share/grp_T800/local_setup.sh
-- Installing: /home/bot/mb6-space/uvlarm-T800/grp_T800/install/grp_T800/share/grp_T800/local_setup.zsh
-- Installing: /home/bot/mb6-space/uvlarm-T800/grp_T800/install/grp_T800/share/grp_T800/local_setup.dsv
-- Installing: /home/bot/mb6-space/uvlarm-T800/grp_T800/install/grp_T800/share/grp_T800/package.dsv
-- Installing: /home/bot/mb6-space/uvlarm-T800/grp_T800/install/grp_T800/share/ament_index/resource_index/packages/grp_T800
-- Installing: /home/bot/mb6-space/uvlarm-T800/grp_T800/install/grp_T800/share/grp_T800/cmake/grp_T800Config.cmake
-- Installing: /home/bot/mb6-space/uvlarm-T800/grp_T800/install/grp_T800/share/grp_T800/cmake/grp_T800Config-version.cmake
-- Installing: /home/bot/mb6-space/uvlarm-T800/grp_T800/install/grp_T800/share/grp_T800/package.xml
