[0.091s] Invoking command in '/home/bot/mb6-space/uvlarm-T800/grp_T800/build/grp_T800': CMAKE_PREFIX_PATH=${CMAKE_PREFIX_PATH}:/opt/ros/iron /usr/bin/cmake /home/bot/mb6-space/uvlarm-T800/grp_T800 -DCMAKE_INSTALL_PREFIX=/home/bot/mb6-space/uvlarm-T800/grp_T800/install/grp_T800
[0.146s] -- The C compiler identification is GNU 11.4.0
[0.200s] -- The CXX compiler identification is GNU 11.4.0
[0.211s] -- Detecting C compiler ABI info
[0.286s] -- Detecting C compiler ABI info - done
[0.293s] -- Check for working C compiler: /usr/bin/cc - skipped
[0.293s] -- Detecting C compile features
[0.294s] -- Detecting C compile features - done
[0.297s] -- Detecting CXX compiler ABI info
[0.376s] -- Detecting CXX compiler ABI info - done
[0.384s] -- Check for working CXX compiler: /usr/bin/c++ - skipped
[0.384s] -- Detecting CXX compile features
[0.385s] -- Detecting CXX compile features - done
[0.388s] -- Found ament_cmake: 2.0.3 (/opt/ros/iron/share/ament_cmake/cmake)
[0.552s] -- Found Python3: /usr/bin/python3.10 (found version "3.10.12") found components: Interpreter 
[0.649s] -- Found ament_lint_auto: 0.14.2 (/opt/ros/iron/share/ament_lint_auto/cmake)
[0.698s] WARNING: Package name "grp_T800" does not follow the naming conventions. It should start with a lower case letter and only contain lower case letters, digits, underscores, and dashes.
[0.734s] -- Added test 'cppcheck' to perform static code analysis on C / C++ code
[0.734s] -- Configured cppcheck include dirs: 
[0.734s] -- Configured cppcheck exclude dirs and/or files: 
[0.735s] -- Added test 'flake8' to check Python code syntax and style conventions
[0.735s] -- Configured 'flake8' exclude dirs and/or files: 
[0.737s] -- Added test 'lint_cmake' to check CMake code style
[0.738s] -- Added test 'pep257' to check Python code against some of the docstring style conventions in PEP 257
[0.744s] -- Added test 'uncrustify' to check C / C++ code style
[0.744s] -- Configured uncrustify additional arguments: 
[0.745s] -- Added test 'xmllint' to check XML markup files
[0.747s] -- Configuring done
[0.750s] -- Generating done
[0.751s] -- Build files have been written to: /home/bot/mb6-space/uvlarm-T800/grp_T800/build/grp_T800
[0.758s] Invoked command in '/home/bot/mb6-space/uvlarm-T800/grp_T800/build/grp_T800' returned '0': CMAKE_PREFIX_PATH=${CMAKE_PREFIX_PATH}:/opt/ros/iron /usr/bin/cmake /home/bot/mb6-space/uvlarm-T800/grp_T800 -DCMAKE_INSTALL_PREFIX=/home/bot/mb6-space/uvlarm-T800/grp_T800/install/grp_T800
[0.760s] Invoking command in '/home/bot/mb6-space/uvlarm-T800/grp_T800/build/grp_T800': CMAKE_PREFIX_PATH=${CMAKE_PREFIX_PATH}:/opt/ros/iron /usr/bin/cmake --build /home/bot/mb6-space/uvlarm-T800/grp_T800/build/grp_T800 -- -j8 -l8
[0.802s] Invoked command in '/home/bot/mb6-space/uvlarm-T800/grp_T800/build/grp_T800' returned '0': CMAKE_PREFIX_PATH=${CMAKE_PREFIX_PATH}:/opt/ros/iron /usr/bin/cmake --build /home/bot/mb6-space/uvlarm-T800/grp_T800/build/grp_T800 -- -j8 -l8
[0.836s] Invoking command in '/home/bot/mb6-space/uvlarm-T800/grp_T800/build/grp_T800': CMAKE_PREFIX_PATH=${CMAKE_PREFIX_PATH}:/opt/ros/iron /usr/bin/cmake --install /home/bot/mb6-space/uvlarm-T800/grp_T800/build/grp_T800
[0.843s] -- Install configuration: ""
[0.844s] -- Installing: /home/bot/mb6-space/uvlarm-T800/grp_T800/install/grp_T800/lib/grp_T800/scan_echo.py
[0.844s] -- Installing: /home/bot/mb6-space/uvlarm-T800/grp_T800/install/grp_T800/lib/grp_T800/test-camera.py
[0.844s] -- Installing: /home/bot/mb6-space/uvlarm-T800/grp_T800/install/grp_T800/lib/grp_T800/vision_test.py
[0.844s] -- Installing: /home/bot/mb6-space/uvlarm-T800/grp_T800/install/grp_T800/share/grp_T800//launch
[0.844s] -- Installing: /home/bot/mb6-space/uvlarm-T800/grp_T800/install/grp_T800/share/grp_T800//launch/tbot_launch.yaml
[0.844s] -- Installing: /home/bot/mb6-space/uvlarm-T800/grp_T800/install/grp_T800/share/ament_index/resource_index/package_run_dependencies/grp_T800
[0.845s] -- Installing: /home/bot/mb6-space/uvlarm-T800/grp_T800/install/grp_T800/share/ament_index/resource_index/parent_prefix_path/grp_T800
[0.845s] -- Installing: /home/bot/mb6-space/uvlarm-T800/grp_T800/install/grp_T800/share/grp_T800/environment/ament_prefix_path.sh
[0.845s] -- Installing: /home/bot/mb6-space/uvlarm-T800/grp_T800/install/grp_T800/share/grp_T800/environment/ament_prefix_path.dsv
[0.845s] -- Installing: /home/bot/mb6-space/uvlarm-T800/grp_T800/install/grp_T800/share/grp_T800/environment/path.sh
[0.845s] -- Installing: /home/bot/mb6-space/uvlarm-T800/grp_T800/install/grp_T800/share/grp_T800/environment/path.dsv
[0.845s] -- Installing: /home/bot/mb6-space/uvlarm-T800/grp_T800/install/grp_T800/share/grp_T800/local_setup.bash
[0.845s] -- Installing: /home/bot/mb6-space/uvlarm-T800/grp_T800/install/grp_T800/share/grp_T800/local_setup.sh
[0.845s] -- Installing: /home/bot/mb6-space/uvlarm-T800/grp_T800/install/grp_T800/share/grp_T800/local_setup.zsh
[0.846s] -- Installing: /home/bot/mb6-space/uvlarm-T800/grp_T800/install/grp_T800/share/grp_T800/local_setup.dsv
[0.846s] -- Installing: /home/bot/mb6-space/uvlarm-T800/grp_T800/install/grp_T800/share/grp_T800/package.dsv
[0.846s] -- Installing: /home/bot/mb6-space/uvlarm-T800/grp_T800/install/grp_T800/share/ament_index/resource_index/packages/grp_T800
[0.846s] -- Installing: /home/bot/mb6-space/uvlarm-T800/grp_T800/install/grp_T800/share/grp_T800/cmake/grp_T800Config.cmake
[0.846s] -- Installing: /home/bot/mb6-space/uvlarm-T800/grp_T800/install/grp_T800/share/grp_T800/cmake/grp_T800Config-version.cmake
[0.846s] -- Installing: /home/bot/mb6-space/uvlarm-T800/grp_T800/install/grp_T800/share/grp_T800/package.xml
[0.848s] Invoked command in '/home/bot/mb6-space/uvlarm-T800/grp_T800/build/grp_T800' returned '0': CMAKE_PREFIX_PATH=${CMAKE_PREFIX_PATH}:/opt/ros/iron /usr/bin/cmake --install /home/bot/mb6-space/uvlarm-T800/grp_T800/build/grp_T800
