[0.442s] Invoking command in '/home/bot/mb6-space/uvlarm-T800/build/T-800': CMAKE_PREFIX_PATH=${CMAKE_PREFIX_PATH}:/opt/ros/iron /usr/bin/cmake --build /home/bot/mb6-space/uvlarm-T800/build/T-800 -- -j8 -l8
[0.516s] Invoked command in '/home/bot/mb6-space/uvlarm-T800/build/T-800' returned '0': CMAKE_PREFIX_PATH=${CMAKE_PREFIX_PATH}:/opt/ros/iron /usr/bin/cmake --build /home/bot/mb6-space/uvlarm-T800/build/T-800 -- -j8 -l8
[0.580s] Invoking command in '/home/bot/mb6-space/uvlarm-T800/build/T-800': CMAKE_PREFIX_PATH=${CMAKE_PREFIX_PATH}:/opt/ros/iron /usr/bin/cmake --install /home/bot/mb6-space/uvlarm-T800/build/T-800
[0.594s] -- Install configuration: ""
[0.594s] -- Up-to-date: /home/bot/mb6-space/uvlarm-T800/install/T-800/share/ament_index/resource_index/package_run_dependencies/T-800
[0.594s] -- Up-to-date: /home/bot/mb6-space/uvlarm-T800/install/T-800/share/ament_index/resource_index/parent_prefix_path/T-800
[0.594s] -- Up-to-date: /home/bot/mb6-space/uvlarm-T800/install/T-800/share/T-800/environment/ament_prefix_path.sh
[0.594s] -- Up-to-date: /home/bot/mb6-space/uvlarm-T800/install/T-800/share/T-800/environment/ament_prefix_path.dsv
[0.595s] -- Up-to-date: /home/bot/mb6-space/uvlarm-T800/install/T-800/share/T-800/environment/path.sh
[0.595s] -- Up-to-date: /home/bot/mb6-space/uvlarm-T800/install/T-800/share/T-800/environment/path.dsv
[0.595s] -- Up-to-date: /home/bot/mb6-space/uvlarm-T800/install/T-800/share/T-800/local_setup.bash
[0.595s] -- Up-to-date: /home/bot/mb6-space/uvlarm-T800/install/T-800/share/T-800/local_setup.sh
[0.595s] -- Up-to-date: /home/bot/mb6-space/uvlarm-T800/install/T-800/share/T-800/local_setup.zsh
[0.595s] -- Up-to-date: /home/bot/mb6-space/uvlarm-T800/install/T-800/share/T-800/local_setup.dsv
[0.595s] -- Installing: /home/bot/mb6-space/uvlarm-T800/install/T-800/share/T-800/package.dsv
[0.596s] -- Up-to-date: /home/bot/mb6-space/uvlarm-T800/install/T-800/share/ament_index/resource_index/packages/T-800
[0.596s] -- Up-to-date: /home/bot/mb6-space/uvlarm-T800/install/T-800/share/T-800/cmake/T-800Config.cmake
[0.596s] -- Up-to-date: /home/bot/mb6-space/uvlarm-T800/install/T-800/share/T-800/cmake/T-800Config-version.cmake
[0.596s] -- Up-to-date: /home/bot/mb6-space/uvlarm-T800/install/T-800/share/T-800/package.xml
[0.604s] Invoked command in '/home/bot/mb6-space/uvlarm-T800/build/T-800' returned '0': CMAKE_PREFIX_PATH=${CMAKE_PREFIX_PATH}:/opt/ros/iron /usr/bin/cmake --install /home/bot/mb6-space/uvlarm-T800/build/T-800
