[0.092s] Invoking command in '/home/bot/mb6-space/uvlarm-T800/build/tuto_kickoff': CMAKE_PREFIX_PATH=${CMAKE_PREFIX_PATH}:/opt/ros/iron /usr/bin/cmake /home/bot/mb6-space/uvlarm-T800/tuto_kickoff -DCMAKE_INSTALL_PREFIX=/home/bot/mb6-space/uvlarm-T800/install/tuto_kickoff
[0.321s] -- The C compiler identification is GNU 11.4.0
[0.470s] -- The CXX compiler identification is GNU 11.4.0
[0.482s] -- Detecting C compiler ABI info
[0.560s] -- Detecting C compiler ABI info - done
[0.568s] -- Check for working C compiler: /usr/bin/cc - skipped
[0.568s] -- Detecting C compile features
[0.569s] -- Detecting C compile features - done
[0.573s] -- Detecting CXX compiler ABI info
[0.656s] -- Detecting CXX compiler ABI info - done
[0.664s] -- Check for working CXX compiler: /usr/bin/c++ - skipped
[0.664s] -- Detecting CXX compile features
[0.665s] -- Detecting CXX compile features - done
[0.672s] -- Found ament_cmake: 2.0.3 (/opt/ros/iron/share/ament_cmake/cmake)
[0.860s] -- Found Python3: /usr/bin/python3.10 (found version "3.10.12") found components: Interpreter 
[0.975s] -- Found ament_lint_auto: 0.14.2 (/opt/ros/iron/share/ament_lint_auto/cmake)
[1.064s] -- Added test 'lint_cmake' to check CMake code style
[1.066s] -- Added test 'xmllint' to check XML markup files
[1.070s] -- Configuring done
[1.073s] -- Generating done
[1.074s] -- Build files have been written to: /home/bot/mb6-space/uvlarm-T800/build/tuto_kickoff
[1.078s] Invoked command in '/home/bot/mb6-space/uvlarm-T800/build/tuto_kickoff' returned '0': CMAKE_PREFIX_PATH=${CMAKE_PREFIX_PATH}:/opt/ros/iron /usr/bin/cmake /home/bot/mb6-space/uvlarm-T800/tuto_kickoff -DCMAKE_INSTALL_PREFIX=/home/bot/mb6-space/uvlarm-T800/install/tuto_kickoff
[1.080s] Invoking command in '/home/bot/mb6-space/uvlarm-T800/build/tuto_kickoff': CMAKE_PREFIX_PATH=${CMAKE_PREFIX_PATH}:/opt/ros/iron /usr/bin/cmake --build /home/bot/mb6-space/uvlarm-T800/build/tuto_kickoff -- -j8 -l8
[1.118s] Invoked command in '/home/bot/mb6-space/uvlarm-T800/build/tuto_kickoff' returned '0': CMAKE_PREFIX_PATH=${CMAKE_PREFIX_PATH}:/opt/ros/iron /usr/bin/cmake --build /home/bot/mb6-space/uvlarm-T800/build/tuto_kickoff -- -j8 -l8
[1.151s] Invoking command in '/home/bot/mb6-space/uvlarm-T800/build/tuto_kickoff': CMAKE_PREFIX_PATH=${CMAKE_PREFIX_PATH}:/opt/ros/iron /usr/bin/cmake --install /home/bot/mb6-space/uvlarm-T800/build/tuto_kickoff
[1.159s] -- Install configuration: ""
[1.159s] -- Installing: /home/bot/mb6-space/uvlarm-T800/install/tuto_kickoff/share/ament_index/resource_index/package_run_dependencies/tuto_kickoff
[1.159s] -- Installing: /home/bot/mb6-space/uvlarm-T800/install/tuto_kickoff/share/ament_index/resource_index/parent_prefix_path/tuto_kickoff
[1.160s] -- Installing: /home/bot/mb6-space/uvlarm-T800/install/tuto_kickoff/share/tuto_kickoff/environment/ament_prefix_path.sh
[1.160s] -- Installing: /home/bot/mb6-space/uvlarm-T800/install/tuto_kickoff/share/tuto_kickoff/environment/ament_prefix_path.dsv
[1.160s] -- Installing: /home/bot/mb6-space/uvlarm-T800/install/tuto_kickoff/share/tuto_kickoff/environment/path.sh
[1.160s] -- Installing: /home/bot/mb6-space/uvlarm-T800/install/tuto_kickoff/share/tuto_kickoff/environment/path.dsv
[1.160s] -- Installing: /home/bot/mb6-space/uvlarm-T800/install/tuto_kickoff/share/tuto_kickoff/local_setup.bash
[1.161s] -- Installing: /home/bot/mb6-space/uvlarm-T800/install/tuto_kickoff/share/tuto_kickoff/local_setup.sh
[1.161s] -- Installing: /home/bot/mb6-space/uvlarm-T800/install/tuto_kickoff/share/tuto_kickoff/local_setup.zsh
[1.161s] -- Installing: /home/bot/mb6-space/uvlarm-T800/install/tuto_kickoff/share/tuto_kickoff/local_setup.dsv
[1.161s] -- Installing: /home/bot/mb6-space/uvlarm-T800/install/tuto_kickoff/share/tuto_kickoff/package.dsv
[1.161s] -- Installing: /home/bot/mb6-space/uvlarm-T800/install/tuto_kickoff/share/ament_index/resource_index/packages/tuto_kickoff
[1.161s] -- Installing: /home/bot/mb6-space/uvlarm-T800/install/tuto_kickoff/share/tuto_kickoff/cmake/tuto_kickoffConfig.cmake
[1.162s] -- Installing: /home/bot/mb6-space/uvlarm-T800/install/tuto_kickoff/share/tuto_kickoff/cmake/tuto_kickoffConfig-version.cmake
[1.162s] -- Installing: /home/bot/mb6-space/uvlarm-T800/install/tuto_kickoff/share/tuto_kickoff/package.xml
[1.163s] Invoked command in '/home/bot/mb6-space/uvlarm-T800/build/tuto_kickoff' returned '0': CMAKE_PREFIX_PATH=${CMAKE_PREFIX_PATH}:/opt/ros/iron /usr/bin/cmake --install /home/bot/mb6-space/uvlarm-T800/build/tuto_kickoff
