[1.310s] DEBUG:colcon:Command line arguments: ['/usr/bin/colcon', 'build']
[1.310s] DEBUG:colcon:Parsed command line arguments: Namespace(log_base=None, log_level=None, verb_name='build', build_base='build', install_base='install', merge_install=False, symlink_install=False, test_result_base=None, continue_on_error=False, executor='parallel', parallel_workers=8, event_handlers=None, ignore_user_meta=False, metas=['./colcon.meta'], base_paths=['.'], packages_ignore=None, packages_ignore_regex=None, paths=None, packages_up_to=None, packages_up_to_regex=None, packages_above=None, packages_above_and_dependencies=None, packages_above_depth=None, packages_select_by_dep=None, packages_skip_by_dep=None, packages_skip_up_to=None, packages_select_build_failed=False, packages_skip_build_finished=False, packages_select_test_failures=False, packages_skip_test_passed=False, packages_select=None, packages_skip=None, packages_select_regex=None, packages_skip_regex=None, packages_start=None, packages_end=None, allow_overriding=[], cmake_args=None, cmake_target=None, cmake_target_skip_unavailable=False, cmake_clean_cache=False, cmake_clean_first=False, cmake_force_configure=False, ament_cmake_args=None, catkin_cmake_args=None, catkin_skip_building_tests=False, verb_parser=<colcon_defaults.argument_parser.defaults.DefaultArgumentsDecorator object at 0x7f73c1ddd4b0>, verb_extension=<colcon_core.verb.build.BuildVerb object at 0x7f73c209e2c0>, main=<bound method BuildVerb.main of <colcon_core.verb.build.BuildVerb object at 0x7f73c209e2c0>>)
[1.364s] Level 1:colcon.colcon_core.package_discovery:discover_packages(colcon_meta) check parameters
[1.365s] Level 1:colcon.colcon_core.package_discovery:discover_packages(recursive) check parameters
[1.365s] Level 1:colcon.colcon_core.package_discovery:discover_packages(ignore) check parameters
[1.365s] Level 1:colcon.colcon_core.package_discovery:discover_packages(path) check parameters
[1.365s] Level 1:colcon.colcon_core.package_discovery:discover_packages(colcon_meta) discover
[1.365s] Level 1:colcon.colcon_core.package_discovery:discover_packages(recursive) discover
[1.365s] INFO:colcon.colcon_core.package_discovery:Crawling recursively for packages in '/home/bot/mb6-space/uvlarm-T800'
[1.365s] Level 1:colcon.colcon_core.package_identification:_identify(.) by extensions ['ignore', 'ignore_ament_install']
[1.365s] Level 1:colcon.colcon_core.package_identification:_identify(.) by extension 'ignore'
[1.365s] Level 1:colcon.colcon_core.package_identification:_identify(.) by extension 'ignore_ament_install'
[1.365s] Level 1:colcon.colcon_core.package_identification:_identify(.) by extensions ['colcon_pkg']
[1.365s] Level 1:colcon.colcon_core.package_identification:_identify(.) by extension 'colcon_pkg'
[1.365s] Level 1:colcon.colcon_core.package_identification:_identify(.) by extensions ['colcon_meta']
[1.365s] Level 1:colcon.colcon_core.package_identification:_identify(.) by extension 'colcon_meta'
[1.365s] Level 1:colcon.colcon_core.package_identification:_identify(.) by extensions ['ros']
[1.365s] Level 1:colcon.colcon_core.package_identification:_identify(.) by extension 'ros'
[1.376s] Level 1:colcon.colcon_core.package_identification:_identify(.) by extensions ['cmake', 'python']
[1.376s] Level 1:colcon.colcon_core.package_identification:_identify(.) by extension 'cmake'
[1.376s] Level 1:colcon.colcon_core.package_identification:_identify(.) by extension 'python'
[1.376s] Level 1:colcon.colcon_core.package_identification:_identify(.) by extensions ['python_setup_py']
[1.376s] Level 1:colcon.colcon_core.package_identification:_identify(.) by extension 'python_setup_py'
[1.376s] Level 1:colcon.colcon_core.package_identification:_identify(T-800) by extensions ['ignore', 'ignore_ament_install']
[1.376s] Level 1:colcon.colcon_core.package_identification:_identify(T-800) by extension 'ignore'
[1.376s] Level 1:colcon.colcon_core.package_identification:_identify(T-800) by extension 'ignore_ament_install'
[1.376s] Level 1:colcon.colcon_core.package_identification:_identify(T-800) by extensions ['colcon_pkg']
[1.376s] Level 1:colcon.colcon_core.package_identification:_identify(T-800) by extension 'colcon_pkg'
[1.376s] Level 1:colcon.colcon_core.package_identification:_identify(T-800) by extensions ['colcon_meta']
[1.376s] Level 1:colcon.colcon_core.package_identification:_identify(T-800) by extension 'colcon_meta'
[1.376s] Level 1:colcon.colcon_core.package_identification:_identify(T-800) by extensions ['ros']
[1.376s] Level 1:colcon.colcon_core.package_identification:_identify(T-800) by extension 'ros'
[1.378s] DEBUG:colcon.colcon_core.package_identification:Package 'T-800' with type 'ros.ament_cmake' and name 'T-800'
[1.379s] Level 1:colcon.colcon_core.package_identification:_identify(build) by extensions ['ignore', 'ignore_ament_install']
[1.379s] Level 1:colcon.colcon_core.package_identification:_identify(build) by extension 'ignore'
[1.379s] Level 1:colcon.colcon_core.package_identification:_identify(build) ignored
[1.379s] Level 1:colcon.colcon_core.package_identification:_identify(grp_T800) by extensions ['ignore', 'ignore_ament_install']
[1.379s] Level 1:colcon.colcon_core.package_identification:_identify(grp_T800) by extension 'ignore'
[1.379s] Level 1:colcon.colcon_core.package_identification:_identify(grp_T800) by extension 'ignore_ament_install'
[1.379s] Level 1:colcon.colcon_core.package_identification:_identify(grp_T800) by extensions ['colcon_pkg']
[1.379s] Level 1:colcon.colcon_core.package_identification:_identify(grp_T800) by extension 'colcon_pkg'
[1.379s] Level 1:colcon.colcon_core.package_identification:_identify(grp_T800) by extensions ['colcon_meta']
[1.379s] Level 1:colcon.colcon_core.package_identification:_identify(grp_T800) by extension 'colcon_meta'
[1.380s] Level 1:colcon.colcon_core.package_identification:_identify(grp_T800) by extensions ['ros']
[1.380s] Level 1:colcon.colcon_core.package_identification:_identify(grp_T800) by extension 'ros'
[1.380s] DEBUG:colcon.colcon_core.package_identification:Package 'grp_T800' with type 'ros.ament_cmake' and name 'grp_T800'
[1.380s] Level 1:colcon.colcon_core.package_identification:_identify(images) by extensions ['ignore', 'ignore_ament_install']
[1.380s] Level 1:colcon.colcon_core.package_identification:_identify(images) by extension 'ignore'
[1.380s] Level 1:colcon.colcon_core.package_identification:_identify(images) by extension 'ignore_ament_install'
[1.380s] Level 1:colcon.colcon_core.package_identification:_identify(images) by extensions ['colcon_pkg']
[1.380s] Level 1:colcon.colcon_core.package_identification:_identify(images) by extension 'colcon_pkg'
[1.381s] Level 1:colcon.colcon_core.package_identification:_identify(images) by extensions ['colcon_meta']
[1.381s] Level 1:colcon.colcon_core.package_identification:_identify(images) by extension 'colcon_meta'
[1.381s] Level 1:colcon.colcon_core.package_identification:_identify(images) by extensions ['ros']
[1.381s] Level 1:colcon.colcon_core.package_identification:_identify(images) by extension 'ros'
[1.381s] Level 1:colcon.colcon_core.package_identification:_identify(images) by extensions ['cmake', 'python']
[1.381s] Level 1:colcon.colcon_core.package_identification:_identify(images) by extension 'cmake'
[1.381s] Level 1:colcon.colcon_core.package_identification:_identify(images) by extension 'python'
[1.381s] Level 1:colcon.colcon_core.package_identification:_identify(images) by extensions ['python_setup_py']
[1.381s] Level 1:colcon.colcon_core.package_identification:_identify(images) by extension 'python_setup_py'
[1.381s] Level 1:colcon.colcon_core.package_identification:_identify(install) by extensions ['ignore', 'ignore_ament_install']
[1.381s] Level 1:colcon.colcon_core.package_identification:_identify(install) by extension 'ignore'
[1.381s] Level 1:colcon.colcon_core.package_identification:_identify(install) ignored
[1.381s] Level 1:colcon.colcon_core.package_identification:_identify(log) by extensions ['ignore', 'ignore_ament_install']
[1.381s] Level 1:colcon.colcon_core.package_identification:_identify(log) by extension 'ignore'
[1.381s] Level 1:colcon.colcon_core.package_identification:_identify(log) ignored
[1.382s] Level 1:colcon.colcon_core.package_identification:_identify(tuto_kickoff) by extensions ['ignore', 'ignore_ament_install']
[1.382s] Level 1:colcon.colcon_core.package_identification:_identify(tuto_kickoff) by extension 'ignore'
[1.382s] Level 1:colcon.colcon_core.package_identification:_identify(tuto_kickoff) by extension 'ignore_ament_install'
[1.382s] Level 1:colcon.colcon_core.package_identification:_identify(tuto_kickoff) by extensions ['colcon_pkg']
[1.382s] Level 1:colcon.colcon_core.package_identification:_identify(tuto_kickoff) by extension 'colcon_pkg'
[1.382s] Level 1:colcon.colcon_core.package_identification:_identify(tuto_kickoff) by extensions ['colcon_meta']
[1.382s] Level 1:colcon.colcon_core.package_identification:_identify(tuto_kickoff) by extension 'colcon_meta'
[1.382s] Level 1:colcon.colcon_core.package_identification:_identify(tuto_kickoff) by extensions ['ros']
[1.382s] Level 1:colcon.colcon_core.package_identification:_identify(tuto_kickoff) by extension 'ros'
[1.383s] DEBUG:colcon.colcon_core.package_identification:Package 'tuto_kickoff' with type 'ros.ament_cmake' and name 'tuto_kickoff'
[1.383s] Level 1:colcon.colcon_core.package_discovery:discover_packages(recursive) using defaults
[1.383s] Level 1:colcon.colcon_core.package_discovery:discover_packages(ignore) discover
[1.383s] Level 1:colcon.colcon_core.package_discovery:discover_packages(ignore) using defaults
[1.383s] Level 1:colcon.colcon_core.package_discovery:discover_packages(path) discover
[1.383s] Level 1:colcon.colcon_core.package_discovery:discover_packages(path) using defaults
[1.508s] Level 1:colcon.colcon_core.package_discovery:discover_packages(prefix_path) check parameters
[1.508s] Level 1:colcon.colcon_core.package_discovery:discover_packages(prefix_path) discover
[1.547s] DEBUG:colcon.colcon_installed_package_information.package_discovery:Found 3 installed packages in /home/bot/mb6-space/uvlarm-T800/install
[1.566s] DEBUG:colcon.colcon_installed_package_information.package_discovery:Found 11 installed packages in /home/bot/mb6-space/install
[1.587s] DEBUG:colcon.colcon_installed_package_information.package_discovery:Found 363 installed packages in /opt/ros/iron
[1.588s] Level 1:colcon.colcon_core.package_discovery:discover_packages(prefix_path) using defaults
[1.685s] Level 5:colcon.colcon_core.verb:set package 'T-800' build argument 'cmake_args' from command line to 'None'
[1.685s] Level 5:colcon.colcon_core.verb:set package 'T-800' build argument 'cmake_target' from command line to 'None'
[1.685s] Level 5:colcon.colcon_core.verb:set package 'T-800' build argument 'cmake_target_skip_unavailable' from command line to 'False'
[1.685s] Level 5:colcon.colcon_core.verb:set package 'T-800' build argument 'cmake_clean_cache' from command line to 'False'
[1.685s] Level 5:colcon.colcon_core.verb:set package 'T-800' build argument 'cmake_clean_first' from command line to 'False'
[1.685s] Level 5:colcon.colcon_core.verb:set package 'T-800' build argument 'cmake_force_configure' from command line to 'False'
[1.685s] Level 5:colcon.colcon_core.verb:set package 'T-800' build argument 'ament_cmake_args' from command line to 'None'
[1.685s] Level 5:colcon.colcon_core.verb:set package 'T-800' build argument 'catkin_cmake_args' from command line to 'None'
[1.685s] Level 5:colcon.colcon_core.verb:set package 'T-800' build argument 'catkin_skip_building_tests' from command line to 'False'
[1.685s] DEBUG:colcon.colcon_core.verb:Building package 'T-800' with the following arguments: {'ament_cmake_args': None, 'build_base': '/home/bot/mb6-space/uvlarm-T800/build/T-800', 'catkin_cmake_args': None, 'catkin_skip_building_tests': False, 'cmake_args': None, 'cmake_clean_cache': False, 'cmake_clean_first': False, 'cmake_force_configure': False, 'cmake_target': None, 'cmake_target_skip_unavailable': False, 'install_base': '/home/bot/mb6-space/uvlarm-T800/install/T-800', 'merge_install': False, 'path': '/home/bot/mb6-space/uvlarm-T800/T-800', 'symlink_install': False, 'test_result_base': None}
[1.704s] Level 5:colcon.colcon_core.verb:set package 'grp_T800' build argument 'cmake_args' from command line to 'None'
[1.704s] Level 5:colcon.colcon_core.verb:set package 'grp_T800' build argument 'cmake_target' from command line to 'None'
[1.704s] Level 5:colcon.colcon_core.verb:set package 'grp_T800' build argument 'cmake_target_skip_unavailable' from command line to 'False'
[1.704s] Level 5:colcon.colcon_core.verb:set package 'grp_T800' build argument 'cmake_clean_cache' from command line to 'False'
[1.704s] Level 5:colcon.colcon_core.verb:set package 'grp_T800' build argument 'cmake_clean_first' from command line to 'False'
[1.704s] Level 5:colcon.colcon_core.verb:set package 'grp_T800' build argument 'cmake_force_configure' from command line to 'False'
[1.704s] Level 5:colcon.colcon_core.verb:set package 'grp_T800' build argument 'ament_cmake_args' from command line to 'None'
[1.704s] Level 5:colcon.colcon_core.verb:set package 'grp_T800' build argument 'catkin_cmake_args' from command line to 'None'
[1.704s] Level 5:colcon.colcon_core.verb:set package 'grp_T800' build argument 'catkin_skip_building_tests' from command line to 'False'
[1.704s] DEBUG:colcon.colcon_core.verb:Building package 'grp_T800' with the following arguments: {'ament_cmake_args': None, 'build_base': '/home/bot/mb6-space/uvlarm-T800/build/grp_T800', 'catkin_cmake_args': None, 'catkin_skip_building_tests': False, 'cmake_args': None, 'cmake_clean_cache': False, 'cmake_clean_first': False, 'cmake_force_configure': False, 'cmake_target': None, 'cmake_target_skip_unavailable': False, 'install_base': '/home/bot/mb6-space/uvlarm-T800/install/grp_T800', 'merge_install': False, 'path': '/home/bot/mb6-space/uvlarm-T800/grp_T800', 'symlink_install': False, 'test_result_base': None}
[1.723s] Level 5:colcon.colcon_core.verb:set package 'tuto_kickoff' build argument 'cmake_args' from command line to 'None'
[1.724s] Level 5:colcon.colcon_core.verb:set package 'tuto_kickoff' build argument 'cmake_target' from command line to 'None'
[1.724s] Level 5:colcon.colcon_core.verb:set package 'tuto_kickoff' build argument 'cmake_target_skip_unavailable' from command line to 'False'
[1.724s] Level 5:colcon.colcon_core.verb:set package 'tuto_kickoff' build argument 'cmake_clean_cache' from command line to 'False'
[1.724s] Level 5:colcon.colcon_core.verb:set package 'tuto_kickoff' build argument 'cmake_clean_first' from command line to 'False'
[1.724s] Level 5:colcon.colcon_core.verb:set package 'tuto_kickoff' build argument 'cmake_force_configure' from command line to 'False'
[1.724s] Level 5:colcon.colcon_core.verb:set package 'tuto_kickoff' build argument 'ament_cmake_args' from command line to 'None'
[1.724s] Level 5:colcon.colcon_core.verb:set package 'tuto_kickoff' build argument 'catkin_cmake_args' from command line to 'None'
[1.724s] Level 5:colcon.colcon_core.verb:set package 'tuto_kickoff' build argument 'catkin_skip_building_tests' from command line to 'False'
[1.724s] DEBUG:colcon.colcon_core.verb:Building package 'tuto_kickoff' with the following arguments: {'ament_cmake_args': None, 'build_base': '/home/bot/mb6-space/uvlarm-T800/build/tuto_kickoff', 'catkin_cmake_args': None, 'catkin_skip_building_tests': False, 'cmake_args': None, 'cmake_clean_cache': False, 'cmake_clean_first': False, 'cmake_force_configure': False, 'cmake_target': None, 'cmake_target_skip_unavailable': False, 'install_base': '/home/bot/mb6-space/uvlarm-T800/install/tuto_kickoff', 'merge_install': False, 'path': '/home/bot/mb6-space/uvlarm-T800/tuto_kickoff', 'symlink_install': False, 'test_result_base': None}
[1.743s] INFO:colcon.colcon_core.executor:Executing jobs using 'parallel' executor
[1.763s] DEBUG:colcon.colcon_parallel_executor.executor.parallel:run_until_complete
[1.763s] INFO:colcon.colcon_ros.task.ament_cmake.build:Building ROS package in '/home/bot/mb6-space/uvlarm-T800/T-800' with build type 'ament_cmake'
[1.763s] INFO:colcon.colcon_cmake.task.cmake.build:Building CMake package in '/home/bot/mb6-space/uvlarm-T800/T-800'
[1.786s] INFO:colcon.colcon_core.plugin_system:Skipping extension 'colcon_core.shell.bat': Not used on non-Windows systems
[1.786s] INFO:colcon.colcon_core.shell:Skip shell extension 'powershell' for command environment: Not usable outside of PowerShell
[1.786s] DEBUG:colcon.colcon_core.shell:Skip shell extension 'dsv' for command environment
[1.868s] INFO:colcon.colcon_ros.task.ament_cmake.build:Building ROS package in '/home/bot/mb6-space/uvlarm-T800/grp_T800' with build type 'ament_cmake'
[1.868s] INFO:colcon.colcon_cmake.task.cmake.build:Building CMake package in '/home/bot/mb6-space/uvlarm-T800/grp_T800'
[1.891s] INFO:colcon.colcon_core.shell:Skip shell extension 'powershell' for command environment: Not usable outside of PowerShell
[1.891s] DEBUG:colcon.colcon_core.shell:Skip shell extension 'dsv' for command environment
[1.985s] INFO:colcon.colcon_ros.task.ament_cmake.build:Building ROS package in '/home/bot/mb6-space/uvlarm-T800/tuto_kickoff' with build type 'ament_cmake'
[1.985s] INFO:colcon.colcon_cmake.task.cmake.build:Building CMake package in '/home/bot/mb6-space/uvlarm-T800/tuto_kickoff'
[2.006s] INFO:colcon.colcon_core.shell:Skip shell extension 'powershell' for command environment: Not usable outside of PowerShell
[2.007s] DEBUG:colcon.colcon_core.shell:Skip shell extension 'dsv' for command environment
[2.094s] DEBUG:colcon.colcon_core.event_handler.log_command:Invoking command in '/home/bot/mb6-space/uvlarm-T800/build/T-800': CMAKE_PREFIX_PATH=${CMAKE_PREFIX_PATH}:/opt/ros/iron /usr/bin/cmake --build /home/bot/mb6-space/uvlarm-T800/build/T-800 -- -j8 -l8
[2.101s] DEBUG:colcon.colcon_core.event_handler.log_command:Invoking command in '/home/bot/mb6-space/uvlarm-T800/build/grp_T800': CMAKE_PREFIX_PATH=${CMAKE_PREFIX_PATH}:/opt/ros/iron /usr/bin/cmake --build /home/bot/mb6-space/uvlarm-T800/build/grp_T800 -- -j8 -l8
[2.105s] DEBUG:colcon.colcon_core.event_handler.log_command:Invoking command in '/home/bot/mb6-space/uvlarm-T800/build/tuto_kickoff': CMAKE_PREFIX_PATH=${CMAKE_PREFIX_PATH}:/opt/ros/iron /usr/bin/cmake --build /home/bot/mb6-space/uvlarm-T800/build/tuto_kickoff -- -j8 -l8
[2.140s] DEBUG:colcon.colcon_core.event_handler.log_command:Invoked command in '/home/bot/mb6-space/uvlarm-T800/build/grp_T800' returned '0': CMAKE_PREFIX_PATH=${CMAKE_PREFIX_PATH}:/opt/ros/iron /usr/bin/cmake --build /home/bot/mb6-space/uvlarm-T800/build/grp_T800 -- -j8 -l8
[2.142s] DEBUG:colcon.colcon_core.event_handler.log_command:Invoked command in '/home/bot/mb6-space/uvlarm-T800/build/T-800' returned '0': CMAKE_PREFIX_PATH=${CMAKE_PREFIX_PATH}:/opt/ros/iron /usr/bin/cmake --build /home/bot/mb6-space/uvlarm-T800/build/T-800 -- -j8 -l8
[2.147s] DEBUG:colcon.colcon_core.event_handler.log_command:Invoked command in '/home/bot/mb6-space/uvlarm-T800/build/tuto_kickoff' returned '0': CMAKE_PREFIX_PATH=${CMAKE_PREFIX_PATH}:/opt/ros/iron /usr/bin/cmake --build /home/bot/mb6-space/uvlarm-T800/build/tuto_kickoff -- -j8 -l8
[2.176s] DEBUG:colcon.colcon_core.event_handler.log_command:Invoking command in '/home/bot/mb6-space/uvlarm-T800/build/grp_T800': CMAKE_PREFIX_PATH=${CMAKE_PREFIX_PATH}:/opt/ros/iron /usr/bin/cmake --install /home/bot/mb6-space/uvlarm-T800/build/grp_T800
[2.179s] DEBUG:colcon.colcon_core.event_handler.log_command:Invoking command in '/home/bot/mb6-space/uvlarm-T800/build/T-800': CMAKE_PREFIX_PATH=${CMAKE_PREFIX_PATH}:/opt/ros/iron /usr/bin/cmake --install /home/bot/mb6-space/uvlarm-T800/build/T-800
[2.182s] DEBUG:colcon.colcon_core.event_handler.log_command:Invoking command in '/home/bot/mb6-space/uvlarm-T800/build/tuto_kickoff': CMAKE_PREFIX_PATH=${CMAKE_PREFIX_PATH}:/opt/ros/iron /usr/bin/cmake --install /home/bot/mb6-space/uvlarm-T800/build/tuto_kickoff
[2.189s] Level 1:colcon.colcon_core.environment:create_environment_scripts_only(grp_T800)
[2.196s] DEBUG:colcon.colcon_core.event_handler.log_command:Invoked command in '/home/bot/mb6-space/uvlarm-T800/build/grp_T800' returned '0': CMAKE_PREFIX_PATH=${CMAKE_PREFIX_PATH}:/opt/ros/iron /usr/bin/cmake --install /home/bot/mb6-space/uvlarm-T800/build/grp_T800
[2.219s] Level 1:colcon.colcon_core.environment:checking '/home/bot/mb6-space/uvlarm-T800/install/grp_T800' for CMake module files
[2.220s] Level 1:colcon.colcon_core.environment:checking '/home/bot/mb6-space/uvlarm-T800/install/grp_T800' for CMake config files
[2.220s] Level 1:colcon.colcon_core.shell:create_environment_hook('grp_T800', 'cmake_prefix_path')
[2.240s] INFO:colcon.colcon_core.shell:Creating environment hook '/home/bot/mb6-space/uvlarm-T800/install/grp_T800/share/grp_T800/hook/cmake_prefix_path.ps1'
[2.241s] INFO:colcon.colcon_core.shell:Creating environment descriptor '/home/bot/mb6-space/uvlarm-T800/install/grp_T800/share/grp_T800/hook/cmake_prefix_path.dsv'
[2.241s] INFO:colcon.colcon_core.shell:Creating environment hook '/home/bot/mb6-space/uvlarm-T800/install/grp_T800/share/grp_T800/hook/cmake_prefix_path.sh'
[2.242s] Level 1:colcon.colcon_core.environment:checking '/home/bot/mb6-space/uvlarm-T800/install/grp_T800/lib'
[2.242s] Level 1:colcon.colcon_core.environment:checking '/home/bot/mb6-space/uvlarm-T800/install/grp_T800/bin'
[2.242s] Level 1:colcon.colcon_core.environment:checking '/home/bot/mb6-space/uvlarm-T800/install/grp_T800/lib/pkgconfig/grp_T800.pc'
[2.242s] Level 1:colcon.colcon_core.environment:checking '/home/bot/mb6-space/uvlarm-T800/install/grp_T800/lib/python3.10/site-packages'
[2.243s] Level 1:colcon.colcon_core.environment:checking '/home/bot/mb6-space/uvlarm-T800/install/grp_T800/bin'
[2.262s] INFO:colcon.colcon_core.shell:Creating package script '/home/bot/mb6-space/uvlarm-T800/install/grp_T800/share/grp_T800/package.ps1'
[2.262s] INFO:colcon.colcon_core.shell:Creating package descriptor '/home/bot/mb6-space/uvlarm-T800/install/grp_T800/share/grp_T800/package.dsv'
[2.263s] INFO:colcon.colcon_core.shell:Creating package script '/home/bot/mb6-space/uvlarm-T800/install/grp_T800/share/grp_T800/package.sh'
[2.264s] INFO:colcon.colcon_core.shell:Creating package script '/home/bot/mb6-space/uvlarm-T800/install/grp_T800/share/grp_T800/package.bash'
[2.265s] INFO:colcon.colcon_core.shell:Creating package script '/home/bot/mb6-space/uvlarm-T800/install/grp_T800/share/grp_T800/package.zsh'
[2.266s] Level 1:colcon.colcon_core.environment:create_file_with_runtime_dependencies(/home/bot/mb6-space/uvlarm-T800/install/grp_T800/share/colcon-core/packages/grp_T800)
[2.267s] Level 1:colcon.colcon_core.environment:create_environment_scripts_only(T-800)
[2.268s] DEBUG:colcon.colcon_core.event_handler.log_command:Invoked command in '/home/bot/mb6-space/uvlarm-T800/build/T-800' returned '0': CMAKE_PREFIX_PATH=${CMAKE_PREFIX_PATH}:/opt/ros/iron /usr/bin/cmake --install /home/bot/mb6-space/uvlarm-T800/build/T-800
[2.291s] Level 1:colcon.colcon_core.environment:checking '/home/bot/mb6-space/uvlarm-T800/install/T-800' for CMake module files
[2.292s] Level 1:colcon.colcon_core.environment:checking '/home/bot/mb6-space/uvlarm-T800/install/T-800' for CMake config files
[2.292s] Level 1:colcon.colcon_core.shell:create_environment_hook('T-800', 'cmake_prefix_path')
[2.312s] INFO:colcon.colcon_core.shell:Creating environment hook '/home/bot/mb6-space/uvlarm-T800/install/T-800/share/T-800/hook/cmake_prefix_path.ps1'
[2.312s] INFO:colcon.colcon_core.shell:Creating environment descriptor '/home/bot/mb6-space/uvlarm-T800/install/T-800/share/T-800/hook/cmake_prefix_path.dsv'
[2.313s] INFO:colcon.colcon_core.shell:Creating environment hook '/home/bot/mb6-space/uvlarm-T800/install/T-800/share/T-800/hook/cmake_prefix_path.sh'
[2.313s] Level 1:colcon.colcon_core.environment:checking '/home/bot/mb6-space/uvlarm-T800/install/T-800/bin'
[2.314s] Level 1:colcon.colcon_core.environment:checking '/home/bot/mb6-space/uvlarm-T800/install/T-800/lib/pkgconfig/T-800.pc'
[2.314s] Level 1:colcon.colcon_core.environment:checking '/home/bot/mb6-space/uvlarm-T800/install/T-800/lib/python3.10/site-packages'
[2.314s] Level 1:colcon.colcon_core.environment:checking '/home/bot/mb6-space/uvlarm-T800/install/T-800/bin'
[2.334s] INFO:colcon.colcon_core.shell:Creating package script '/home/bot/mb6-space/uvlarm-T800/install/T-800/share/T-800/package.ps1'
[2.334s] INFO:colcon.colcon_core.shell:Creating package descriptor '/home/bot/mb6-space/uvlarm-T800/install/T-800/share/T-800/package.dsv'
[2.335s] INFO:colcon.colcon_core.shell:Creating package script '/home/bot/mb6-space/uvlarm-T800/install/T-800/share/T-800/package.sh'
[2.335s] INFO:colcon.colcon_core.shell:Creating package script '/home/bot/mb6-space/uvlarm-T800/install/T-800/share/T-800/package.bash'
[2.336s] INFO:colcon.colcon_core.shell:Creating package script '/home/bot/mb6-space/uvlarm-T800/install/T-800/share/T-800/package.zsh'
[2.336s] Level 1:colcon.colcon_core.environment:create_file_with_runtime_dependencies(/home/bot/mb6-space/uvlarm-T800/install/T-800/share/colcon-core/packages/T-800)
[2.337s] Level 1:colcon.colcon_core.environment:create_environment_scripts_only(tuto_kickoff)
[2.338s] DEBUG:colcon.colcon_core.event_handler.log_command:Invoked command in '/home/bot/mb6-space/uvlarm-T800/build/tuto_kickoff' returned '0': CMAKE_PREFIX_PATH=${CMAKE_PREFIX_PATH}:/opt/ros/iron /usr/bin/cmake --install /home/bot/mb6-space/uvlarm-T800/build/tuto_kickoff
[2.361s] Level 1:colcon.colcon_core.environment:checking '/home/bot/mb6-space/uvlarm-T800/install/tuto_kickoff' for CMake module files
[2.361s] Level 1:colcon.colcon_core.environment:checking '/home/bot/mb6-space/uvlarm-T800/install/tuto_kickoff' for CMake config files
[2.362s] Level 1:colcon.colcon_core.shell:create_environment_hook('tuto_kickoff', 'cmake_prefix_path')
[2.382s] INFO:colcon.colcon_core.shell:Creating environment hook '/home/bot/mb6-space/uvlarm-T800/install/tuto_kickoff/share/tuto_kickoff/hook/cmake_prefix_path.ps1'
[2.382s] INFO:colcon.colcon_core.shell:Creating environment descriptor '/home/bot/mb6-space/uvlarm-T800/install/tuto_kickoff/share/tuto_kickoff/hook/cmake_prefix_path.dsv'
[2.383s] INFO:colcon.colcon_core.shell:Creating environment hook '/home/bot/mb6-space/uvlarm-T800/install/tuto_kickoff/share/tuto_kickoff/hook/cmake_prefix_path.sh'
[2.383s] Level 1:colcon.colcon_core.environment:checking '/home/bot/mb6-space/uvlarm-T800/install/tuto_kickoff/lib'
[2.384s] Level 1:colcon.colcon_core.environment:checking '/home/bot/mb6-space/uvlarm-T800/install/tuto_kickoff/bin'
[2.384s] Level 1:colcon.colcon_core.environment:checking '/home/bot/mb6-space/uvlarm-T800/install/tuto_kickoff/lib/pkgconfig/tuto_kickoff.pc'
[2.384s] Level 1:colcon.colcon_core.environment:checking '/home/bot/mb6-space/uvlarm-T800/install/tuto_kickoff/lib/python3.10/site-packages'
[2.384s] Level 1:colcon.colcon_core.environment:checking '/home/bot/mb6-space/uvlarm-T800/install/tuto_kickoff/bin'
[2.404s] INFO:colcon.colcon_core.shell:Creating package script '/home/bot/mb6-space/uvlarm-T800/install/tuto_kickoff/share/tuto_kickoff/package.ps1'
[2.405s] INFO:colcon.colcon_core.shell:Creating package descriptor '/home/bot/mb6-space/uvlarm-T800/install/tuto_kickoff/share/tuto_kickoff/package.dsv'
[2.405s] INFO:colcon.colcon_core.shell:Creating package script '/home/bot/mb6-space/uvlarm-T800/install/tuto_kickoff/share/tuto_kickoff/package.sh'
[2.406s] INFO:colcon.colcon_core.shell:Creating package script '/home/bot/mb6-space/uvlarm-T800/install/tuto_kickoff/share/tuto_kickoff/package.bash'
[2.406s] INFO:colcon.colcon_core.shell:Creating package script '/home/bot/mb6-space/uvlarm-T800/install/tuto_kickoff/share/tuto_kickoff/package.zsh'
[2.406s] Level 1:colcon.colcon_core.environment:create_file_with_runtime_dependencies(/home/bot/mb6-space/uvlarm-T800/install/tuto_kickoff/share/colcon-core/packages/tuto_kickoff)
[2.430s] Level 1:colcon.colcon_core.environment:create_environment_scripts_only(grp_T800)
[2.450s] Level 1:colcon.colcon_core.environment:checking '/home/bot/mb6-space/uvlarm-T800/install/grp_T800' for CMake module files
[2.451s] Level 1:colcon.colcon_core.environment:checking '/home/bot/mb6-space/uvlarm-T800/install/grp_T800' for CMake config files
[2.451s] Level 1:colcon.colcon_core.shell:create_environment_hook('grp_T800', 'cmake_prefix_path')
[2.470s] INFO:colcon.colcon_core.shell:Creating environment hook '/home/bot/mb6-space/uvlarm-T800/install/grp_T800/share/grp_T800/hook/cmake_prefix_path.ps1'
[2.471s] INFO:colcon.colcon_core.shell:Creating environment descriptor '/home/bot/mb6-space/uvlarm-T800/install/grp_T800/share/grp_T800/hook/cmake_prefix_path.dsv'
[2.471s] INFO:colcon.colcon_core.shell:Creating environment hook '/home/bot/mb6-space/uvlarm-T800/install/grp_T800/share/grp_T800/hook/cmake_prefix_path.sh'
[2.472s] Level 1:colcon.colcon_core.environment:checking '/home/bot/mb6-space/uvlarm-T800/install/grp_T800/lib'
[2.472s] Level 1:colcon.colcon_core.environment:checking '/home/bot/mb6-space/uvlarm-T800/install/grp_T800/bin'
[2.472s] Level 1:colcon.colcon_core.environment:checking '/home/bot/mb6-space/uvlarm-T800/install/grp_T800/lib/pkgconfig/grp_T800.pc'
[2.472s] Level 1:colcon.colcon_core.environment:checking '/home/bot/mb6-space/uvlarm-T800/install/grp_T800/lib/python3.10/site-packages'
[2.472s] Level 1:colcon.colcon_core.environment:checking '/home/bot/mb6-space/uvlarm-T800/install/grp_T800/bin'
[2.492s] INFO:colcon.colcon_core.shell:Creating package script '/home/bot/mb6-space/uvlarm-T800/install/grp_T800/share/grp_T800/package.ps1'
[2.492s] INFO:colcon.colcon_core.shell:Creating package descriptor '/home/bot/mb6-space/uvlarm-T800/install/grp_T800/share/grp_T800/package.dsv'
[2.493s] INFO:colcon.colcon_core.shell:Creating package script '/home/bot/mb6-space/uvlarm-T800/install/grp_T800/share/grp_T800/package.sh'
[2.493s] INFO:colcon.colcon_core.shell:Creating package script '/home/bot/mb6-space/uvlarm-T800/install/grp_T800/share/grp_T800/package.bash'
[2.494s] INFO:colcon.colcon_core.shell:Creating package script '/home/bot/mb6-space/uvlarm-T800/install/grp_T800/share/grp_T800/package.zsh'
[2.494s] Level 1:colcon.colcon_core.environment:create_file_with_runtime_dependencies(/home/bot/mb6-space/uvlarm-T800/install/grp_T800/share/colcon-core/packages/grp_T800)
[2.516s] Level 1:colcon.colcon_core.environment:create_environment_scripts_only(T-800)
[2.537s] Level 1:colcon.colcon_core.environment:checking '/home/bot/mb6-space/uvlarm-T800/install/T-800' for CMake module files
[2.537s] Level 1:colcon.colcon_core.environment:checking '/home/bot/mb6-space/uvlarm-T800/install/T-800' for CMake config files
[2.537s] Level 1:colcon.colcon_core.shell:create_environment_hook('T-800', 'cmake_prefix_path')
[2.557s] INFO:colcon.colcon_core.shell:Creating environment hook '/home/bot/mb6-space/uvlarm-T800/install/T-800/share/T-800/hook/cmake_prefix_path.ps1'
[2.557s] INFO:colcon.colcon_core.shell:Creating environment descriptor '/home/bot/mb6-space/uvlarm-T800/install/T-800/share/T-800/hook/cmake_prefix_path.dsv'
[2.558s] INFO:colcon.colcon_core.shell:Creating environment hook '/home/bot/mb6-space/uvlarm-T800/install/T-800/share/T-800/hook/cmake_prefix_path.sh'
[2.558s] Level 1:colcon.colcon_core.environment:checking '/home/bot/mb6-space/uvlarm-T800/install/T-800/bin'
[2.558s] Level 1:colcon.colcon_core.environment:checking '/home/bot/mb6-space/uvlarm-T800/install/T-800/lib/pkgconfig/T-800.pc'
[2.559s] Level 1:colcon.colcon_core.environment:checking '/home/bot/mb6-space/uvlarm-T800/install/T-800/lib/python3.10/site-packages'
[2.559s] Level 1:colcon.colcon_core.environment:checking '/home/bot/mb6-space/uvlarm-T800/install/T-800/bin'
[2.580s] INFO:colcon.colcon_core.shell:Creating package script '/home/bot/mb6-space/uvlarm-T800/install/T-800/share/T-800/package.ps1'
[2.581s] INFO:colcon.colcon_core.shell:Creating package descriptor '/home/bot/mb6-space/uvlarm-T800/install/T-800/share/T-800/package.dsv'
[2.581s] INFO:colcon.colcon_core.shell:Creating package script '/home/bot/mb6-space/uvlarm-T800/install/T-800/share/T-800/package.sh'
[2.582s] INFO:colcon.colcon_core.shell:Creating package script '/home/bot/mb6-space/uvlarm-T800/install/T-800/share/T-800/package.bash'
[2.582s] INFO:colcon.colcon_core.shell:Creating package script '/home/bot/mb6-space/uvlarm-T800/install/T-800/share/T-800/package.zsh'
[2.583s] Level 1:colcon.colcon_core.environment:create_file_with_runtime_dependencies(/home/bot/mb6-space/uvlarm-T800/install/T-800/share/colcon-core/packages/T-800)
[2.605s] Level 1:colcon.colcon_core.environment:create_environment_scripts_only(tuto_kickoff)
[2.625s] Level 1:colcon.colcon_core.environment:checking '/home/bot/mb6-space/uvlarm-T800/install/tuto_kickoff' for CMake module files
[2.626s] Level 1:colcon.colcon_core.environment:checking '/home/bot/mb6-space/uvlarm-T800/install/tuto_kickoff' for CMake config files
[2.626s] Level 1:colcon.colcon_core.shell:create_environment_hook('tuto_kickoff', 'cmake_prefix_path')
[2.657s] INFO:colcon.colcon_core.shell:Creating environment hook '/home/bot/mb6-space/uvlarm-T800/install/tuto_kickoff/share/tuto_kickoff/hook/cmake_prefix_path.ps1'
[2.658s] INFO:colcon.colcon_core.shell:Creating environment descriptor '/home/bot/mb6-space/uvlarm-T800/install/tuto_kickoff/share/tuto_kickoff/hook/cmake_prefix_path.dsv'
[2.658s] INFO:colcon.colcon_core.shell:Creating environment hook '/home/bot/mb6-space/uvlarm-T800/install/tuto_kickoff/share/tuto_kickoff/hook/cmake_prefix_path.sh'
[2.658s] Level 1:colcon.colcon_core.environment:checking '/home/bot/mb6-space/uvlarm-T800/install/tuto_kickoff/lib'
[2.658s] Level 1:colcon.colcon_core.environment:checking '/home/bot/mb6-space/uvlarm-T800/install/tuto_kickoff/bin'
[2.659s] Level 1:colcon.colcon_core.environment:checking '/home/bot/mb6-space/uvlarm-T800/install/tuto_kickoff/lib/pkgconfig/tuto_kickoff.pc'
[2.659s] Level 1:colcon.colcon_core.environment:checking '/home/bot/mb6-space/uvlarm-T800/install/tuto_kickoff/lib/python3.10/site-packages'
[2.659s] Level 1:colcon.colcon_core.environment:checking '/home/bot/mb6-space/uvlarm-T800/install/tuto_kickoff/bin'
[2.679s] INFO:colcon.colcon_core.shell:Creating package script '/home/bot/mb6-space/uvlarm-T800/install/tuto_kickoff/share/tuto_kickoff/package.ps1'
[2.680s] INFO:colcon.colcon_core.shell:Creating package descriptor '/home/bot/mb6-space/uvlarm-T800/install/tuto_kickoff/share/tuto_kickoff/package.dsv'
[2.681s] INFO:colcon.colcon_core.shell:Creating package script '/home/bot/mb6-space/uvlarm-T800/install/tuto_kickoff/share/tuto_kickoff/package.sh'
[2.681s] INFO:colcon.colcon_core.shell:Creating package script '/home/bot/mb6-space/uvlarm-T800/install/tuto_kickoff/share/tuto_kickoff/package.bash'
[2.682s] INFO:colcon.colcon_core.shell:Creating package script '/home/bot/mb6-space/uvlarm-T800/install/tuto_kickoff/share/tuto_kickoff/package.zsh'
[2.682s] Level 1:colcon.colcon_core.environment:create_file_with_runtime_dependencies(/home/bot/mb6-space/uvlarm-T800/install/tuto_kickoff/share/colcon-core/packages/tuto_kickoff)
[2.683s] DEBUG:colcon.colcon_parallel_executor.executor.parallel:closing loop
[2.683s] DEBUG:colcon.colcon_parallel_executor.executor.parallel:loop closed
[2.683s] DEBUG:colcon.colcon_parallel_executor.executor.parallel:run_until_complete finished with '0'
[2.684s] DEBUG:colcon.colcon_core.event_reactor:joining thread
[2.709s] INFO:colcon.colcon_core.plugin_system:Skipping extension 'colcon_notification.desktop_notification.notify_send': Could not find 'notify-send'
[2.709s] INFO:colcon.colcon_core.plugin_system:Skipping extension 'colcon_notification.desktop_notification.terminal_notifier': Not used on non-Darwin systems
[2.709s] INFO:colcon.colcon_core.plugin_system:Skipping extension 'colcon_notification.desktop_notification.win32': Not used on non-Windows systems
[2.709s] INFO:colcon.colcon_notification.desktop_notification:Sending desktop notification using 'notify2'
[2.721s] DEBUG:colcon.colcon_core.event_reactor:joined thread
[2.742s] INFO:colcon.colcon_core.shell:Creating prefix script '/home/bot/mb6-space/uvlarm-T800/install/local_setup.ps1'
[2.743s] INFO:colcon.colcon_core.shell:Creating prefix util module '/home/bot/mb6-space/uvlarm-T800/install/_local_setup_util_ps1.py'
[2.744s] INFO:colcon.colcon_core.shell:Creating prefix chain script '/home/bot/mb6-space/uvlarm-T800/install/setup.ps1'
[2.766s] INFO:colcon.colcon_core.shell:Creating prefix script '/home/bot/mb6-space/uvlarm-T800/install/local_setup.sh'
[2.767s] INFO:colcon.colcon_core.shell:Creating prefix util module '/home/bot/mb6-space/uvlarm-T800/install/_local_setup_util_sh.py'
[2.768s] INFO:colcon.colcon_core.shell:Creating prefix chain script '/home/bot/mb6-space/uvlarm-T800/install/setup.sh'
[2.789s] INFO:colcon.colcon_core.shell:Creating prefix script '/home/bot/mb6-space/uvlarm-T800/install/local_setup.bash'
[2.789s] INFO:colcon.colcon_core.shell:Creating prefix chain script '/home/bot/mb6-space/uvlarm-T800/install/setup.bash'
[2.811s] INFO:colcon.colcon_core.shell:Creating prefix script '/home/bot/mb6-space/uvlarm-T800/install/local_setup.zsh'
[2.811s] INFO:colcon.colcon_core.shell:Creating prefix chain script '/home/bot/mb6-space/uvlarm-T800/install/setup.zsh'
