-- Install configuration: ""
-- Up-to-date: /home/bot/mb6-space/uvlarm-T800/install/grp_T800/lib/grp_T800/scan_echo.py
-- Up-to-date: /home/bot/mb6-space/uvlarm-T800/install/grp_T800/lib/grp_T800/test-camera.py
-- Up-to-date: /home/bot/mb6-space/uvlarm-T800/install/grp_T800/lib/grp_T800/vision_test.py
-- Up-to-date: /home/bot/mb6-space/uvlarm-T800/install/grp_T800/share/grp_T800//launch
-- Up-to-date: /home/bot/mb6-space/uvlarm-T800/install/grp_T800/share/grp_T800//launch/tbot_launch.yaml
-- Up-to-date: /home/bot/mb6-space/uvlarm-T800/install/grp_T800/share/ament_index/resource_index/package_run_dependencies/grp_T800
-- Up-to-date: /home/bot/mb6-space/uvlarm-T800/install/grp_T800/share/ament_index/resource_index/parent_prefix_path/grp_T800
-- Up-to-date: /home/bot/mb6-space/uvlarm-T800/install/grp_T800/share/grp_T800/environment/ament_prefix_path.sh
-- Up-to-date: /home/bot/mb6-space/uvlarm-T800/install/grp_T800/share/grp_T800/environment/ament_prefix_path.dsv
-- Up-to-date: /home/bot/mb6-space/uvlarm-T800/install/grp_T800/share/grp_T800/environment/path.sh
-- Up-to-date: /home/bot/mb6-space/uvlarm-T800/install/grp_T800/share/grp_T800/environment/path.dsv
-- Up-to-date: /home/bot/mb6-space/uvlarm-T800/install/grp_T800/share/grp_T800/local_setup.bash
-- Up-to-date: /home/bot/mb6-space/uvlarm-T800/install/grp_T800/share/grp_T800/local_setup.sh
-- Up-to-date: /home/bot/mb6-space/uvlarm-T800/install/grp_T800/share/grp_T800/local_setup.zsh
-- Up-to-date: /home/bot/mb6-space/uvlarm-T800/install/grp_T800/share/grp_T800/local_setup.dsv
-- Up-to-date: /home/bot/mb6-space/uvlarm-T800/install/grp_T800/share/grp_T800/package.dsv
-- Up-to-date: /home/bot/mb6-space/uvlarm-T800/install/grp_T800/share/ament_index/resource_index/packages/grp_T800
-- Up-to-date: /home/bot/mb6-space/uvlarm-T800/install/grp_T800/share/grp_T800/cmake/grp_T800Config.cmake
-- Up-to-date: /home/bot/mb6-space/uvlarm-T800/install/grp_T800/share/grp_T800/cmake/grp_T800Config-version.cmake
-- Up-to-date: /home/bot/mb6-space/uvlarm-T800/install/grp_T800/share/grp_T800/package.xml
