[1.291s] DEBUG:colcon:Command line arguments: ['/usr/bin/colcon', 'build']
[1.291s] DEBUG:colcon:Parsed command line arguments: Namespace(log_base=None, log_level=None, verb_name='build', build_base='build', install_base='install', merge_install=False, symlink_install=False, test_result_base=None, continue_on_error=False, executor='parallel', parallel_workers=8, event_handlers=None, ignore_user_meta=False, metas=['./colcon.meta'], base_paths=['.'], packages_ignore=None, packages_ignore_regex=None, paths=None, packages_up_to=None, packages_up_to_regex=None, packages_above=None, packages_above_and_dependencies=None, packages_above_depth=None, packages_select_by_dep=None, packages_skip_by_dep=None, packages_skip_up_to=None, packages_select_build_failed=False, packages_skip_build_finished=False, packages_select_test_failures=False, packages_skip_test_passed=False, packages_select=None, packages_skip=None, packages_select_regex=None, packages_skip_regex=None, packages_start=None, packages_end=None, allow_overriding=[], cmake_args=None, cmake_target=None, cmake_target_skip_unavailable=False, cmake_clean_cache=False, cmake_clean_first=False, cmake_force_configure=False, ament_cmake_args=None, catkin_cmake_args=None, catkin_skip_building_tests=False, verb_parser=<colcon_defaults.argument_parser.defaults.DefaultArgumentsDecorator object at 0x7f6434eeb790>, verb_extension=<colcon_core.verb.build.BuildVerb object at 0x7f64351a22c0>, main=<bound method BuildVerb.main of <colcon_core.verb.build.BuildVerb object at 0x7f64351a22c0>>)
[1.346s] Level 1:colcon.colcon_core.package_discovery:discover_packages(colcon_meta) check parameters
[1.346s] Level 1:colcon.colcon_core.package_discovery:discover_packages(recursive) check parameters
[1.346s] Level 1:colcon.colcon_core.package_discovery:discover_packages(ignore) check parameters
[1.346s] Level 1:colcon.colcon_core.package_discovery:discover_packages(path) check parameters
[1.346s] Level 1:colcon.colcon_core.package_discovery:discover_packages(colcon_meta) discover
[1.346s] Level 1:colcon.colcon_core.package_discovery:discover_packages(recursive) discover
[1.346s] INFO:colcon.colcon_core.package_discovery:Crawling recursively for packages in '/home/bot/mb6-space/uvlarm-T800'
[1.346s] Level 1:colcon.colcon_core.package_identification:_identify(.) by extensions ['ignore', 'ignore_ament_install']
[1.347s] Level 1:colcon.colcon_core.package_identification:_identify(.) by extension 'ignore'
[1.347s] Level 1:colcon.colcon_core.package_identification:_identify(.) by extension 'ignore_ament_install'
[1.347s] Level 1:colcon.colcon_core.package_identification:_identify(.) by extensions ['colcon_pkg']
[1.347s] Level 1:colcon.colcon_core.package_identification:_identify(.) by extension 'colcon_pkg'
[1.347s] Level 1:colcon.colcon_core.package_identification:_identify(.) by extensions ['colcon_meta']
[1.347s] Level 1:colcon.colcon_core.package_identification:_identify(.) by extension 'colcon_meta'
[1.347s] Level 1:colcon.colcon_core.package_identification:_identify(.) by extensions ['ros']
[1.347s] Level 1:colcon.colcon_core.package_identification:_identify(.) by extension 'ros'
[1.357s] Level 1:colcon.colcon_core.package_identification:_identify(.) by extensions ['cmake', 'python']
[1.357s] Level 1:colcon.colcon_core.package_identification:_identify(.) by extension 'cmake'
[1.357s] Level 1:colcon.colcon_core.package_identification:_identify(.) by extension 'python'
[1.357s] Level 1:colcon.colcon_core.package_identification:_identify(.) by extensions ['python_setup_py']
[1.357s] Level 1:colcon.colcon_core.package_identification:_identify(.) by extension 'python_setup_py'
[1.357s] Level 1:colcon.colcon_core.package_identification:_identify(T-800) by extensions ['ignore', 'ignore_ament_install']
[1.358s] Level 1:colcon.colcon_core.package_identification:_identify(T-800) by extension 'ignore'
[1.358s] Level 1:colcon.colcon_core.package_identification:_identify(T-800) by extension 'ignore_ament_install'
[1.358s] Level 1:colcon.colcon_core.package_identification:_identify(T-800) by extensions ['colcon_pkg']
[1.358s] Level 1:colcon.colcon_core.package_identification:_identify(T-800) by extension 'colcon_pkg'
[1.358s] Level 1:colcon.colcon_core.package_identification:_identify(T-800) by extensions ['colcon_meta']
[1.358s] Level 1:colcon.colcon_core.package_identification:_identify(T-800) by extension 'colcon_meta'
[1.358s] Level 1:colcon.colcon_core.package_identification:_identify(T-800) by extensions ['ros']
[1.358s] Level 1:colcon.colcon_core.package_identification:_identify(T-800) by extension 'ros'
[1.360s] DEBUG:colcon.colcon_core.package_identification:Package 'T-800' with type 'ros.ament_cmake' and name 'T-800'
[1.360s] Level 1:colcon.colcon_core.package_identification:_identify(build) by extensions ['ignore', 'ignore_ament_install']
[1.360s] Level 1:colcon.colcon_core.package_identification:_identify(build) by extension 'ignore'
[1.360s] Level 1:colcon.colcon_core.package_identification:_identify(build) ignored
[1.361s] Level 1:colcon.colcon_core.package_identification:_identify(grp_T800) by extensions ['ignore', 'ignore_ament_install']
[1.361s] Level 1:colcon.colcon_core.package_identification:_identify(grp_T800) by extension 'ignore'
[1.361s] Level 1:colcon.colcon_core.package_identification:_identify(grp_T800) by extension 'ignore_ament_install'
[1.361s] Level 1:colcon.colcon_core.package_identification:_identify(grp_T800) by extensions ['colcon_pkg']
[1.361s] Level 1:colcon.colcon_core.package_identification:_identify(grp_T800) by extension 'colcon_pkg'
[1.361s] Level 1:colcon.colcon_core.package_identification:_identify(grp_T800) by extensions ['colcon_meta']
[1.361s] Level 1:colcon.colcon_core.package_identification:_identify(grp_T800) by extension 'colcon_meta'
[1.361s] Level 1:colcon.colcon_core.package_identification:_identify(grp_T800) by extensions ['ros']
[1.361s] Level 1:colcon.colcon_core.package_identification:_identify(grp_T800) by extension 'ros'
[1.362s] DEBUG:colcon.colcon_core.package_identification:Package 'grp_T800' with type 'ros.ament_cmake' and name 'grp_T800'
[1.362s] Level 1:colcon.colcon_core.package_identification:_identify(images) by extensions ['ignore', 'ignore_ament_install']
[1.362s] Level 1:colcon.colcon_core.package_identification:_identify(images) by extension 'ignore'
[1.362s] Level 1:colcon.colcon_core.package_identification:_identify(images) by extension 'ignore_ament_install'
[1.362s] Level 1:colcon.colcon_core.package_identification:_identify(images) by extensions ['colcon_pkg']
[1.362s] Level 1:colcon.colcon_core.package_identification:_identify(images) by extension 'colcon_pkg'
[1.362s] Level 1:colcon.colcon_core.package_identification:_identify(images) by extensions ['colcon_meta']
[1.362s] Level 1:colcon.colcon_core.package_identification:_identify(images) by extension 'colcon_meta'
[1.362s] Level 1:colcon.colcon_core.package_identification:_identify(images) by extensions ['ros']
[1.362s] Level 1:colcon.colcon_core.package_identification:_identify(images) by extension 'ros'
[1.362s] Level 1:colcon.colcon_core.package_identification:_identify(images) by extensions ['cmake', 'python']
[1.362s] Level 1:colcon.colcon_core.package_identification:_identify(images) by extension 'cmake'
[1.362s] Level 1:colcon.colcon_core.package_identification:_identify(images) by extension 'python'
[1.362s] Level 1:colcon.colcon_core.package_identification:_identify(images) by extensions ['python_setup_py']
[1.362s] Level 1:colcon.colcon_core.package_identification:_identify(images) by extension 'python_setup_py'
[1.363s] Level 1:colcon.colcon_core.package_identification:_identify(install) by extensions ['ignore', 'ignore_ament_install']
[1.363s] Level 1:colcon.colcon_core.package_identification:_identify(install) by extension 'ignore'
[1.363s] Level 1:colcon.colcon_core.package_identification:_identify(install) ignored
[1.363s] Level 1:colcon.colcon_core.package_identification:_identify(log) by extensions ['ignore', 'ignore_ament_install']
[1.363s] Level 1:colcon.colcon_core.package_identification:_identify(log) by extension 'ignore'
[1.363s] Level 1:colcon.colcon_core.package_identification:_identify(log) ignored
[1.363s] Level 1:colcon.colcon_core.package_identification:_identify(tuto_kickoff) by extensions ['ignore', 'ignore_ament_install']
[1.363s] Level 1:colcon.colcon_core.package_identification:_identify(tuto_kickoff) by extension 'ignore'
[1.363s] Level 1:colcon.colcon_core.package_identification:_identify(tuto_kickoff) by extension 'ignore_ament_install'
[1.363s] Level 1:colcon.colcon_core.package_identification:_identify(tuto_kickoff) by extensions ['colcon_pkg']
[1.363s] Level 1:colcon.colcon_core.package_identification:_identify(tuto_kickoff) by extension 'colcon_pkg'
[1.363s] Level 1:colcon.colcon_core.package_identification:_identify(tuto_kickoff) by extensions ['colcon_meta']
[1.363s] Level 1:colcon.colcon_core.package_identification:_identify(tuto_kickoff) by extension 'colcon_meta'
[1.363s] Level 1:colcon.colcon_core.package_identification:_identify(tuto_kickoff) by extensions ['ros']
[1.363s] Level 1:colcon.colcon_core.package_identification:_identify(tuto_kickoff) by extension 'ros'
[1.365s] DEBUG:colcon.colcon_core.package_identification:Package 'tuto_kickoff' with type 'ros.ament_cmake' and name 'tuto_kickoff'
[1.365s] Level 1:colcon.colcon_core.package_discovery:discover_packages(recursive) using defaults
[1.365s] Level 1:colcon.colcon_core.package_discovery:discover_packages(ignore) discover
[1.365s] Level 1:colcon.colcon_core.package_discovery:discover_packages(ignore) using defaults
[1.365s] Level 1:colcon.colcon_core.package_discovery:discover_packages(path) discover
[1.365s] Level 1:colcon.colcon_core.package_discovery:discover_packages(path) using defaults
[1.491s] Level 1:colcon.colcon_core.package_discovery:discover_packages(prefix_path) check parameters
[1.491s] Level 1:colcon.colcon_core.package_discovery:discover_packages(prefix_path) discover
[1.531s] DEBUG:colcon.colcon_installed_package_information.package_discovery:Found 3 installed packages in /home/bot/mb6-space/uvlarm-T800/install
[1.552s] DEBUG:colcon.colcon_installed_package_information.package_discovery:Found 11 installed packages in /home/bot/mb6-space/install
[1.572s] DEBUG:colcon.colcon_installed_package_information.package_discovery:Found 363 installed packages in /opt/ros/iron
[1.574s] Level 1:colcon.colcon_core.package_discovery:discover_packages(prefix_path) using defaults
[1.670s] Level 5:colcon.colcon_core.verb:set package 'T-800' build argument 'cmake_args' from command line to 'None'
[1.670s] Level 5:colcon.colcon_core.verb:set package 'T-800' build argument 'cmake_target' from command line to 'None'
[1.670s] Level 5:colcon.colcon_core.verb:set package 'T-800' build argument 'cmake_target_skip_unavailable' from command line to 'False'
[1.670s] Level 5:colcon.colcon_core.verb:set package 'T-800' build argument 'cmake_clean_cache' from command line to 'False'
[1.670s] Level 5:colcon.colcon_core.verb:set package 'T-800' build argument 'cmake_clean_first' from command line to 'False'
[1.670s] Level 5:colcon.colcon_core.verb:set package 'T-800' build argument 'cmake_force_configure' from command line to 'False'
[1.670s] Level 5:colcon.colcon_core.verb:set package 'T-800' build argument 'ament_cmake_args' from command line to 'None'
[1.670s] Level 5:colcon.colcon_core.verb:set package 'T-800' build argument 'catkin_cmake_args' from command line to 'None'
[1.670s] Level 5:colcon.colcon_core.verb:set package 'T-800' build argument 'catkin_skip_building_tests' from command line to 'False'
[1.670s] DEBUG:colcon.colcon_core.verb:Building package 'T-800' with the following arguments: {'ament_cmake_args': None, 'build_base': '/home/bot/mb6-space/uvlarm-T800/build/T-800', 'catkin_cmake_args': None, 'catkin_skip_building_tests': False, 'cmake_args': None, 'cmake_clean_cache': False, 'cmake_clean_first': False, 'cmake_force_configure': False, 'cmake_target': None, 'cmake_target_skip_unavailable': False, 'install_base': '/home/bot/mb6-space/uvlarm-T800/install/T-800', 'merge_install': False, 'path': '/home/bot/mb6-space/uvlarm-T800/T-800', 'symlink_install': False, 'test_result_base': None}
[1.689s] Level 5:colcon.colcon_core.verb:set package 'grp_T800' build argument 'cmake_args' from command line to 'None'
[1.689s] Level 5:colcon.colcon_core.verb:set package 'grp_T800' build argument 'cmake_target' from command line to 'None'
[1.689s] Level 5:colcon.colcon_core.verb:set package 'grp_T800' build argument 'cmake_target_skip_unavailable' from command line to 'False'
[1.689s] Level 5:colcon.colcon_core.verb:set package 'grp_T800' build argument 'cmake_clean_cache' from command line to 'False'
[1.689s] Level 5:colcon.colcon_core.verb:set package 'grp_T800' build argument 'cmake_clean_first' from command line to 'False'
[1.689s] Level 5:colcon.colcon_core.verb:set package 'grp_T800' build argument 'cmake_force_configure' from command line to 'False'
[1.689s] Level 5:colcon.colcon_core.verb:set package 'grp_T800' build argument 'ament_cmake_args' from command line to 'None'
[1.690s] Level 5:colcon.colcon_core.verb:set package 'grp_T800' build argument 'catkin_cmake_args' from command line to 'None'
[1.690s] Level 5:colcon.colcon_core.verb:set package 'grp_T800' build argument 'catkin_skip_building_tests' from command line to 'False'
[1.690s] DEBUG:colcon.colcon_core.verb:Building package 'grp_T800' with the following arguments: {'ament_cmake_args': None, 'build_base': '/home/bot/mb6-space/uvlarm-T800/build/grp_T800', 'catkin_cmake_args': None, 'catkin_skip_building_tests': False, 'cmake_args': None, 'cmake_clean_cache': False, 'cmake_clean_first': False, 'cmake_force_configure': False, 'cmake_target': None, 'cmake_target_skip_unavailable': False, 'install_base': '/home/bot/mb6-space/uvlarm-T800/install/grp_T800', 'merge_install': False, 'path': '/home/bot/mb6-space/uvlarm-T800/grp_T800', 'symlink_install': False, 'test_result_base': None}
[1.714s] Level 5:colcon.colcon_core.verb:set package 'tuto_kickoff' build argument 'cmake_args' from command line to 'None'
[1.715s] Level 5:colcon.colcon_core.verb:set package 'tuto_kickoff' build argument 'cmake_target' from command line to 'None'
[1.715s] Level 5:colcon.colcon_core.verb:set package 'tuto_kickoff' build argument 'cmake_target_skip_unavailable' from command line to 'False'
[1.715s] Level 5:colcon.colcon_core.verb:set package 'tuto_kickoff' build argument 'cmake_clean_cache' from command line to 'False'
[1.715s] Level 5:colcon.colcon_core.verb:set package 'tuto_kickoff' build argument 'cmake_clean_first' from command line to 'False'
[1.715s] Level 5:colcon.colcon_core.verb:set package 'tuto_kickoff' build argument 'cmake_force_configure' from command line to 'False'
[1.715s] Level 5:colcon.colcon_core.verb:set package 'tuto_kickoff' build argument 'ament_cmake_args' from command line to 'None'
[1.715s] Level 5:colcon.colcon_core.verb:set package 'tuto_kickoff' build argument 'catkin_cmake_args' from command line to 'None'
[1.715s] Level 5:colcon.colcon_core.verb:set package 'tuto_kickoff' build argument 'catkin_skip_building_tests' from command line to 'False'
[1.715s] DEBUG:colcon.colcon_core.verb:Building package 'tuto_kickoff' with the following arguments: {'ament_cmake_args': None, 'build_base': '/home/bot/mb6-space/uvlarm-T800/build/tuto_kickoff', 'catkin_cmake_args': None, 'catkin_skip_building_tests': False, 'cmake_args': None, 'cmake_clean_cache': False, 'cmake_clean_first': False, 'cmake_force_configure': False, 'cmake_target': None, 'cmake_target_skip_unavailable': False, 'install_base': '/home/bot/mb6-space/uvlarm-T800/install/tuto_kickoff', 'merge_install': False, 'path': '/home/bot/mb6-space/uvlarm-T800/tuto_kickoff', 'symlink_install': False, 'test_result_base': None}
[1.736s] INFO:colcon.colcon_core.executor:Executing jobs using 'parallel' executor
[1.756s] DEBUG:colcon.colcon_parallel_executor.executor.parallel:run_until_complete
[1.756s] INFO:colcon.colcon_ros.task.ament_cmake.build:Building ROS package in '/home/bot/mb6-space/uvlarm-T800/T-800' with build type 'ament_cmake'
[1.756s] INFO:colcon.colcon_cmake.task.cmake.build:Building CMake package in '/home/bot/mb6-space/uvlarm-T800/T-800'
[1.778s] INFO:colcon.colcon_core.plugin_system:Skipping extension 'colcon_core.shell.bat': Not used on non-Windows systems
[1.779s] INFO:colcon.colcon_core.shell:Skip shell extension 'powershell' for command environment: Not usable outside of PowerShell
[1.779s] DEBUG:colcon.colcon_core.shell:Skip shell extension 'dsv' for command environment
[1.860s] INFO:colcon.colcon_ros.task.ament_cmake.build:Building ROS package in '/home/bot/mb6-space/uvlarm-T800/grp_T800' with build type 'ament_cmake'
[1.861s] INFO:colcon.colcon_cmake.task.cmake.build:Building CMake package in '/home/bot/mb6-space/uvlarm-T800/grp_T800'
[1.883s] INFO:colcon.colcon_core.shell:Skip shell extension 'powershell' for command environment: Not usable outside of PowerShell
[1.883s] DEBUG:colcon.colcon_core.shell:Skip shell extension 'dsv' for command environment
[1.965s] INFO:colcon.colcon_ros.task.ament_cmake.build:Building ROS package in '/home/bot/mb6-space/uvlarm-T800/tuto_kickoff' with build type 'ament_cmake'
[1.965s] INFO:colcon.colcon_cmake.task.cmake.build:Building CMake package in '/home/bot/mb6-space/uvlarm-T800/tuto_kickoff'
[1.989s] INFO:colcon.colcon_core.shell:Skip shell extension 'powershell' for command environment: Not usable outside of PowerShell
[1.989s] DEBUG:colcon.colcon_core.shell:Skip shell extension 'dsv' for command environment
[2.079s] DEBUG:colcon.colcon_core.event_handler.log_command:Invoking command in '/home/bot/mb6-space/uvlarm-T800/build/T-800': CMAKE_PREFIX_PATH=${CMAKE_PREFIX_PATH}:/opt/ros/iron /usr/bin/cmake --build /home/bot/mb6-space/uvlarm-T800/build/T-800 -- -j8 -l8
[2.082s] DEBUG:colcon.colcon_core.event_handler.log_command:Invoking command in '/home/bot/mb6-space/uvlarm-T800/build/grp_T800': CMAKE_PREFIX_PATH=${CMAKE_PREFIX_PATH}:/opt/ros/iron /usr/bin/cmake --build /home/bot/mb6-space/uvlarm-T800/build/grp_T800 -- -j8 -l8
[2.089s] DEBUG:colcon.colcon_core.event_handler.log_command:Invoking command in '/home/bot/mb6-space/uvlarm-T800/build/tuto_kickoff': CMAKE_PREFIX_PATH=${CMAKE_PREFIX_PATH}:/opt/ros/iron /usr/bin/cmake --build /home/bot/mb6-space/uvlarm-T800/build/tuto_kickoff -- -j8 -l8
[2.123s] DEBUG:colcon.colcon_core.event_handler.log_command:Invoked command in '/home/bot/mb6-space/uvlarm-T800/build/T-800' returned '0': CMAKE_PREFIX_PATH=${CMAKE_PREFIX_PATH}:/opt/ros/iron /usr/bin/cmake --build /home/bot/mb6-space/uvlarm-T800/build/T-800 -- -j8 -l8
[2.125s] DEBUG:colcon.colcon_core.event_handler.log_command:Invoked command in '/home/bot/mb6-space/uvlarm-T800/build/grp_T800' returned '0': CMAKE_PREFIX_PATH=${CMAKE_PREFIX_PATH}:/opt/ros/iron /usr/bin/cmake --build /home/bot/mb6-space/uvlarm-T800/build/grp_T800 -- -j8 -l8
[2.131s] DEBUG:colcon.colcon_core.event_handler.log_command:Invoked command in '/home/bot/mb6-space/uvlarm-T800/build/tuto_kickoff' returned '0': CMAKE_PREFIX_PATH=${CMAKE_PREFIX_PATH}:/opt/ros/iron /usr/bin/cmake --build /home/bot/mb6-space/uvlarm-T800/build/tuto_kickoff -- -j8 -l8
[2.160s] DEBUG:colcon.colcon_core.event_handler.log_command:Invoking command in '/home/bot/mb6-space/uvlarm-T800/build/T-800': CMAKE_PREFIX_PATH=${CMAKE_PREFIX_PATH}:/opt/ros/iron /usr/bin/cmake --install /home/bot/mb6-space/uvlarm-T800/build/T-800
[2.163s] DEBUG:colcon.colcon_core.event_handler.log_command:Invoking command in '/home/bot/mb6-space/uvlarm-T800/build/grp_T800': CMAKE_PREFIX_PATH=${CMAKE_PREFIX_PATH}:/opt/ros/iron /usr/bin/cmake --install /home/bot/mb6-space/uvlarm-T800/build/grp_T800
[2.164s] DEBUG:colcon.colcon_core.event_handler.log_command:Invoking command in '/home/bot/mb6-space/uvlarm-T800/build/tuto_kickoff': CMAKE_PREFIX_PATH=${CMAKE_PREFIX_PATH}:/opt/ros/iron /usr/bin/cmake --install /home/bot/mb6-space/uvlarm-T800/build/tuto_kickoff
[2.173s] Level 1:colcon.colcon_core.environment:create_environment_scripts_only(T-800)
[2.179s] DEBUG:colcon.colcon_core.event_handler.log_command:Invoked command in '/home/bot/mb6-space/uvlarm-T800/build/T-800' returned '0': CMAKE_PREFIX_PATH=${CMAKE_PREFIX_PATH}:/opt/ros/iron /usr/bin/cmake --install /home/bot/mb6-space/uvlarm-T800/build/T-800
[2.201s] Level 1:colcon.colcon_core.environment:checking '/home/bot/mb6-space/uvlarm-T800/install/T-800' for CMake module files
[2.202s] Level 1:colcon.colcon_core.environment:checking '/home/bot/mb6-space/uvlarm-T800/install/T-800' for CMake config files
[2.202s] Level 1:colcon.colcon_core.shell:create_environment_hook('T-800', 'cmake_prefix_path')
[2.222s] INFO:colcon.colcon_core.shell:Creating environment hook '/home/bot/mb6-space/uvlarm-T800/install/T-800/share/T-800/hook/cmake_prefix_path.ps1'
[2.222s] INFO:colcon.colcon_core.shell:Creating environment descriptor '/home/bot/mb6-space/uvlarm-T800/install/T-800/share/T-800/hook/cmake_prefix_path.dsv'
[2.223s] INFO:colcon.colcon_core.shell:Creating environment hook '/home/bot/mb6-space/uvlarm-T800/install/T-800/share/T-800/hook/cmake_prefix_path.sh'
[2.224s] Level 1:colcon.colcon_core.environment:checking '/home/bot/mb6-space/uvlarm-T800/install/T-800/bin'
[2.224s] Level 1:colcon.colcon_core.environment:checking '/home/bot/mb6-space/uvlarm-T800/install/T-800/lib/pkgconfig/T-800.pc'
[2.224s] Level 1:colcon.colcon_core.environment:checking '/home/bot/mb6-space/uvlarm-T800/install/T-800/lib/python3.10/site-packages'
[2.225s] Level 1:colcon.colcon_core.environment:checking '/home/bot/mb6-space/uvlarm-T800/install/T-800/bin'
[2.244s] INFO:colcon.colcon_core.shell:Creating package script '/home/bot/mb6-space/uvlarm-T800/install/T-800/share/T-800/package.ps1'
[2.245s] INFO:colcon.colcon_core.shell:Creating package descriptor '/home/bot/mb6-space/uvlarm-T800/install/T-800/share/T-800/package.dsv'
[2.245s] INFO:colcon.colcon_core.shell:Creating package script '/home/bot/mb6-space/uvlarm-T800/install/T-800/share/T-800/package.sh'
[2.246s] INFO:colcon.colcon_core.shell:Creating package script '/home/bot/mb6-space/uvlarm-T800/install/T-800/share/T-800/package.bash'
[2.247s] INFO:colcon.colcon_core.shell:Creating package script '/home/bot/mb6-space/uvlarm-T800/install/T-800/share/T-800/package.zsh'
[2.247s] Level 1:colcon.colcon_core.environment:create_file_with_runtime_dependencies(/home/bot/mb6-space/uvlarm-T800/install/T-800/share/colcon-core/packages/T-800)
[2.249s] Level 1:colcon.colcon_core.environment:create_environment_scripts_only(grp_T800)
[2.250s] DEBUG:colcon.colcon_core.event_handler.log_command:Invoked command in '/home/bot/mb6-space/uvlarm-T800/build/grp_T800' returned '0': CMAKE_PREFIX_PATH=${CMAKE_PREFIX_PATH}:/opt/ros/iron /usr/bin/cmake --install /home/bot/mb6-space/uvlarm-T800/build/grp_T800
[2.273s] Level 1:colcon.colcon_core.environment:checking '/home/bot/mb6-space/uvlarm-T800/install/grp_T800' for CMake module files
[2.273s] Level 1:colcon.colcon_core.environment:checking '/home/bot/mb6-space/uvlarm-T800/install/grp_T800' for CMake config files
[2.273s] Level 1:colcon.colcon_core.shell:create_environment_hook('grp_T800', 'cmake_prefix_path')
[2.294s] INFO:colcon.colcon_core.shell:Creating environment hook '/home/bot/mb6-space/uvlarm-T800/install/grp_T800/share/grp_T800/hook/cmake_prefix_path.ps1'
[2.294s] INFO:colcon.colcon_core.shell:Creating environment descriptor '/home/bot/mb6-space/uvlarm-T800/install/grp_T800/share/grp_T800/hook/cmake_prefix_path.dsv'
[2.295s] INFO:colcon.colcon_core.shell:Creating environment hook '/home/bot/mb6-space/uvlarm-T800/install/grp_T800/share/grp_T800/hook/cmake_prefix_path.sh'
[2.295s] Level 1:colcon.colcon_core.environment:checking '/home/bot/mb6-space/uvlarm-T800/install/grp_T800/lib'
[2.295s] Level 1:colcon.colcon_core.environment:checking '/home/bot/mb6-space/uvlarm-T800/install/grp_T800/bin'
[2.295s] Level 1:colcon.colcon_core.environment:checking '/home/bot/mb6-space/uvlarm-T800/install/grp_T800/lib/pkgconfig/grp_T800.pc'
[2.296s] Level 1:colcon.colcon_core.environment:checking '/home/bot/mb6-space/uvlarm-T800/install/grp_T800/lib/python3.10/site-packages'
[2.296s] Level 1:colcon.colcon_core.environment:checking '/home/bot/mb6-space/uvlarm-T800/install/grp_T800/bin'
[2.315s] INFO:colcon.colcon_core.shell:Creating package script '/home/bot/mb6-space/uvlarm-T800/install/grp_T800/share/grp_T800/package.ps1'
[2.316s] INFO:colcon.colcon_core.shell:Creating package descriptor '/home/bot/mb6-space/uvlarm-T800/install/grp_T800/share/grp_T800/package.dsv'
[2.316s] INFO:colcon.colcon_core.shell:Creating package script '/home/bot/mb6-space/uvlarm-T800/install/grp_T800/share/grp_T800/package.sh'
[2.316s] INFO:colcon.colcon_core.shell:Creating package script '/home/bot/mb6-space/uvlarm-T800/install/grp_T800/share/grp_T800/package.bash'
[2.317s] INFO:colcon.colcon_core.shell:Creating package script '/home/bot/mb6-space/uvlarm-T800/install/grp_T800/share/grp_T800/package.zsh'
[2.317s] Level 1:colcon.colcon_core.environment:create_file_with_runtime_dependencies(/home/bot/mb6-space/uvlarm-T800/install/grp_T800/share/colcon-core/packages/grp_T800)
[2.318s] Level 1:colcon.colcon_core.environment:create_environment_scripts_only(tuto_kickoff)
[2.319s] DEBUG:colcon.colcon_core.event_handler.log_command:Invoked command in '/home/bot/mb6-space/uvlarm-T800/build/tuto_kickoff' returned '0': CMAKE_PREFIX_PATH=${CMAKE_PREFIX_PATH}:/opt/ros/iron /usr/bin/cmake --install /home/bot/mb6-space/uvlarm-T800/build/tuto_kickoff
[2.342s] Level 1:colcon.colcon_core.environment:checking '/home/bot/mb6-space/uvlarm-T800/install/tuto_kickoff' for CMake module files
[2.342s] Level 1:colcon.colcon_core.environment:checking '/home/bot/mb6-space/uvlarm-T800/install/tuto_kickoff' for CMake config files
[2.343s] Level 1:colcon.colcon_core.shell:create_environment_hook('tuto_kickoff', 'cmake_prefix_path')
[2.363s] INFO:colcon.colcon_core.shell:Creating environment hook '/home/bot/mb6-space/uvlarm-T800/install/tuto_kickoff/share/tuto_kickoff/hook/cmake_prefix_path.ps1'
[2.363s] INFO:colcon.colcon_core.shell:Creating environment descriptor '/home/bot/mb6-space/uvlarm-T800/install/tuto_kickoff/share/tuto_kickoff/hook/cmake_prefix_path.dsv'
[2.364s] INFO:colcon.colcon_core.shell:Creating environment hook '/home/bot/mb6-space/uvlarm-T800/install/tuto_kickoff/share/tuto_kickoff/hook/cmake_prefix_path.sh'
[2.364s] Level 1:colcon.colcon_core.environment:checking '/home/bot/mb6-space/uvlarm-T800/install/tuto_kickoff/lib'
[2.364s] Level 1:colcon.colcon_core.environment:checking '/home/bot/mb6-space/uvlarm-T800/install/tuto_kickoff/bin'
[2.364s] Level 1:colcon.colcon_core.environment:checking '/home/bot/mb6-space/uvlarm-T800/install/tuto_kickoff/lib/pkgconfig/tuto_kickoff.pc'
[2.365s] Level 1:colcon.colcon_core.environment:checking '/home/bot/mb6-space/uvlarm-T800/install/tuto_kickoff/lib/python3.10/site-packages'
[2.365s] Level 1:colcon.colcon_core.environment:checking '/home/bot/mb6-space/uvlarm-T800/install/tuto_kickoff/bin'
[2.384s] INFO:colcon.colcon_core.shell:Creating package script '/home/bot/mb6-space/uvlarm-T800/install/tuto_kickoff/share/tuto_kickoff/package.ps1'
[2.385s] INFO:colcon.colcon_core.shell:Creating package descriptor '/home/bot/mb6-space/uvlarm-T800/install/tuto_kickoff/share/tuto_kickoff/package.dsv'
[2.385s] INFO:colcon.colcon_core.shell:Creating package script '/home/bot/mb6-space/uvlarm-T800/install/tuto_kickoff/share/tuto_kickoff/package.sh'
[2.385s] INFO:colcon.colcon_core.shell:Creating package script '/home/bot/mb6-space/uvlarm-T800/install/tuto_kickoff/share/tuto_kickoff/package.bash'
[2.386s] INFO:colcon.colcon_core.shell:Creating package script '/home/bot/mb6-space/uvlarm-T800/install/tuto_kickoff/share/tuto_kickoff/package.zsh'
[2.386s] Level 1:colcon.colcon_core.environment:create_file_with_runtime_dependencies(/home/bot/mb6-space/uvlarm-T800/install/tuto_kickoff/share/colcon-core/packages/tuto_kickoff)
[2.410s] Level 1:colcon.colcon_core.environment:create_environment_scripts_only(T-800)
[2.430s] Level 1:colcon.colcon_core.environment:checking '/home/bot/mb6-space/uvlarm-T800/install/T-800' for CMake module files
[2.431s] Level 1:colcon.colcon_core.environment:checking '/home/bot/mb6-space/uvlarm-T800/install/T-800' for CMake config files
[2.431s] Level 1:colcon.colcon_core.shell:create_environment_hook('T-800', 'cmake_prefix_path')
[2.450s] INFO:colcon.colcon_core.shell:Creating environment hook '/home/bot/mb6-space/uvlarm-T800/install/T-800/share/T-800/hook/cmake_prefix_path.ps1'
[2.450s] INFO:colcon.colcon_core.shell:Creating environment descriptor '/home/bot/mb6-space/uvlarm-T800/install/T-800/share/T-800/hook/cmake_prefix_path.dsv'
[2.451s] INFO:colcon.colcon_core.shell:Creating environment hook '/home/bot/mb6-space/uvlarm-T800/install/T-800/share/T-800/hook/cmake_prefix_path.sh'
[2.451s] Level 1:colcon.colcon_core.environment:checking '/home/bot/mb6-space/uvlarm-T800/install/T-800/bin'
[2.451s] Level 1:colcon.colcon_core.environment:checking '/home/bot/mb6-space/uvlarm-T800/install/T-800/lib/pkgconfig/T-800.pc'
[2.451s] Level 1:colcon.colcon_core.environment:checking '/home/bot/mb6-space/uvlarm-T800/install/T-800/lib/python3.10/site-packages'
[2.452s] Level 1:colcon.colcon_core.environment:checking '/home/bot/mb6-space/uvlarm-T800/install/T-800/bin'
[2.471s] INFO:colcon.colcon_core.shell:Creating package script '/home/bot/mb6-space/uvlarm-T800/install/T-800/share/T-800/package.ps1'
[2.471s] INFO:colcon.colcon_core.shell:Creating package descriptor '/home/bot/mb6-space/uvlarm-T800/install/T-800/share/T-800/package.dsv'
[2.472s] INFO:colcon.colcon_core.shell:Creating package script '/home/bot/mb6-space/uvlarm-T800/install/T-800/share/T-800/package.sh'
[2.472s] INFO:colcon.colcon_core.shell:Creating package script '/home/bot/mb6-space/uvlarm-T800/install/T-800/share/T-800/package.bash'
[2.473s] INFO:colcon.colcon_core.shell:Creating package script '/home/bot/mb6-space/uvlarm-T800/install/T-800/share/T-800/package.zsh'
[2.473s] Level 1:colcon.colcon_core.environment:create_file_with_runtime_dependencies(/home/bot/mb6-space/uvlarm-T800/install/T-800/share/colcon-core/packages/T-800)
[2.495s] Level 1:colcon.colcon_core.environment:create_environment_scripts_only(grp_T800)
[2.518s] Level 1:colcon.colcon_core.environment:checking '/home/bot/mb6-space/uvlarm-T800/install/grp_T800' for CMake module files
[2.518s] Level 1:colcon.colcon_core.environment:checking '/home/bot/mb6-space/uvlarm-T800/install/grp_T800' for CMake config files
[2.518s] Level 1:colcon.colcon_core.shell:create_environment_hook('grp_T800', 'cmake_prefix_path')
[2.537s] INFO:colcon.colcon_core.shell:Creating environment hook '/home/bot/mb6-space/uvlarm-T800/install/grp_T800/share/grp_T800/hook/cmake_prefix_path.ps1'
[2.538s] INFO:colcon.colcon_core.shell:Creating environment descriptor '/home/bot/mb6-space/uvlarm-T800/install/grp_T800/share/grp_T800/hook/cmake_prefix_path.dsv'
[2.538s] INFO:colcon.colcon_core.shell:Creating environment hook '/home/bot/mb6-space/uvlarm-T800/install/grp_T800/share/grp_T800/hook/cmake_prefix_path.sh'
[2.539s] Level 1:colcon.colcon_core.environment:checking '/home/bot/mb6-space/uvlarm-T800/install/grp_T800/lib'
[2.539s] Level 1:colcon.colcon_core.environment:checking '/home/bot/mb6-space/uvlarm-T800/install/grp_T800/bin'
[2.539s] Level 1:colcon.colcon_core.environment:checking '/home/bot/mb6-space/uvlarm-T800/install/grp_T800/lib/pkgconfig/grp_T800.pc'
[2.539s] Level 1:colcon.colcon_core.environment:checking '/home/bot/mb6-space/uvlarm-T800/install/grp_T800/lib/python3.10/site-packages'
[2.539s] Level 1:colcon.colcon_core.environment:checking '/home/bot/mb6-space/uvlarm-T800/install/grp_T800/bin'
[2.559s] INFO:colcon.colcon_core.shell:Creating package script '/home/bot/mb6-space/uvlarm-T800/install/grp_T800/share/grp_T800/package.ps1'
[2.560s] INFO:colcon.colcon_core.shell:Creating package descriptor '/home/bot/mb6-space/uvlarm-T800/install/grp_T800/share/grp_T800/package.dsv'
[2.560s] INFO:colcon.colcon_core.shell:Creating package script '/home/bot/mb6-space/uvlarm-T800/install/grp_T800/share/grp_T800/package.sh'
[2.561s] INFO:colcon.colcon_core.shell:Creating package script '/home/bot/mb6-space/uvlarm-T800/install/grp_T800/share/grp_T800/package.bash'
[2.561s] INFO:colcon.colcon_core.shell:Creating package script '/home/bot/mb6-space/uvlarm-T800/install/grp_T800/share/grp_T800/package.zsh'
[2.561s] Level 1:colcon.colcon_core.environment:create_file_with_runtime_dependencies(/home/bot/mb6-space/uvlarm-T800/install/grp_T800/share/colcon-core/packages/grp_T800)
[2.587s] Level 1:colcon.colcon_core.environment:create_environment_scripts_only(tuto_kickoff)
[2.607s] Level 1:colcon.colcon_core.environment:checking '/home/bot/mb6-space/uvlarm-T800/install/tuto_kickoff' for CMake module files
[2.607s] Level 1:colcon.colcon_core.environment:checking '/home/bot/mb6-space/uvlarm-T800/install/tuto_kickoff' for CMake config files
[2.608s] Level 1:colcon.colcon_core.shell:create_environment_hook('tuto_kickoff', 'cmake_prefix_path')
[2.629s] INFO:colcon.colcon_core.shell:Creating environment hook '/home/bot/mb6-space/uvlarm-T800/install/tuto_kickoff/share/tuto_kickoff/hook/cmake_prefix_path.ps1'
[2.629s] INFO:colcon.colcon_core.shell:Creating environment descriptor '/home/bot/mb6-space/uvlarm-T800/install/tuto_kickoff/share/tuto_kickoff/hook/cmake_prefix_path.dsv'
[2.630s] INFO:colcon.colcon_core.shell:Creating environment hook '/home/bot/mb6-space/uvlarm-T800/install/tuto_kickoff/share/tuto_kickoff/hook/cmake_prefix_path.sh'
[2.630s] Level 1:colcon.colcon_core.environment:checking '/home/bot/mb6-space/uvlarm-T800/install/tuto_kickoff/lib'
[2.630s] Level 1:colcon.colcon_core.environment:checking '/home/bot/mb6-space/uvlarm-T800/install/tuto_kickoff/bin'
[2.630s] Level 1:colcon.colcon_core.environment:checking '/home/bot/mb6-space/uvlarm-T800/install/tuto_kickoff/lib/pkgconfig/tuto_kickoff.pc'
[2.631s] Level 1:colcon.colcon_core.environment:checking '/home/bot/mb6-space/uvlarm-T800/install/tuto_kickoff/lib/python3.10/site-packages'
[2.631s] Level 1:colcon.colcon_core.environment:checking '/home/bot/mb6-space/uvlarm-T800/install/tuto_kickoff/bin'
[2.659s] INFO:colcon.colcon_core.shell:Creating package script '/home/bot/mb6-space/uvlarm-T800/install/tuto_kickoff/share/tuto_kickoff/package.ps1'
[2.660s] INFO:colcon.colcon_core.shell:Creating package descriptor '/home/bot/mb6-space/uvlarm-T800/install/tuto_kickoff/share/tuto_kickoff/package.dsv'
[2.660s] INFO:colcon.colcon_core.shell:Creating package script '/home/bot/mb6-space/uvlarm-T800/install/tuto_kickoff/share/tuto_kickoff/package.sh'
[2.661s] INFO:colcon.colcon_core.shell:Creating package script '/home/bot/mb6-space/uvlarm-T800/install/tuto_kickoff/share/tuto_kickoff/package.bash'
[2.661s] INFO:colcon.colcon_core.shell:Creating package script '/home/bot/mb6-space/uvlarm-T800/install/tuto_kickoff/share/tuto_kickoff/package.zsh'
[2.661s] Level 1:colcon.colcon_core.environment:create_file_with_runtime_dependencies(/home/bot/mb6-space/uvlarm-T800/install/tuto_kickoff/share/colcon-core/packages/tuto_kickoff)
[2.662s] DEBUG:colcon.colcon_parallel_executor.executor.parallel:closing loop
[2.662s] DEBUG:colcon.colcon_parallel_executor.executor.parallel:loop closed
[2.662s] DEBUG:colcon.colcon_parallel_executor.executor.parallel:run_until_complete finished with '0'
[2.662s] DEBUG:colcon.colcon_core.event_reactor:joining thread
[2.692s] INFO:colcon.colcon_core.plugin_system:Skipping extension 'colcon_notification.desktop_notification.notify_send': Could not find 'notify-send'
[2.692s] INFO:colcon.colcon_core.plugin_system:Skipping extension 'colcon_notification.desktop_notification.terminal_notifier': Not used on non-Darwin systems
[2.692s] INFO:colcon.colcon_core.plugin_system:Skipping extension 'colcon_notification.desktop_notification.win32': Not used on non-Windows systems
[2.692s] INFO:colcon.colcon_notification.desktop_notification:Sending desktop notification using 'notify2'
[2.703s] DEBUG:colcon.colcon_core.event_reactor:joined thread
[2.723s] INFO:colcon.colcon_core.shell:Creating prefix script '/home/bot/mb6-space/uvlarm-T800/install/local_setup.ps1'
[2.724s] INFO:colcon.colcon_core.shell:Creating prefix util module '/home/bot/mb6-space/uvlarm-T800/install/_local_setup_util_ps1.py'
[2.726s] INFO:colcon.colcon_core.shell:Creating prefix chain script '/home/bot/mb6-space/uvlarm-T800/install/setup.ps1'
[2.748s] INFO:colcon.colcon_core.shell:Creating prefix script '/home/bot/mb6-space/uvlarm-T800/install/local_setup.sh'
[2.748s] INFO:colcon.colcon_core.shell:Creating prefix util module '/home/bot/mb6-space/uvlarm-T800/install/_local_setup_util_sh.py'
[2.749s] INFO:colcon.colcon_core.shell:Creating prefix chain script '/home/bot/mb6-space/uvlarm-T800/install/setup.sh'
[2.770s] INFO:colcon.colcon_core.shell:Creating prefix script '/home/bot/mb6-space/uvlarm-T800/install/local_setup.bash'
[2.771s] INFO:colcon.colcon_core.shell:Creating prefix chain script '/home/bot/mb6-space/uvlarm-T800/install/setup.bash'
[2.793s] INFO:colcon.colcon_core.shell:Creating prefix script '/home/bot/mb6-space/uvlarm-T800/install/local_setup.zsh'
[2.793s] INFO:colcon.colcon_core.shell:Creating prefix chain script '/home/bot/mb6-space/uvlarm-T800/install/setup.zsh'
