[0.096s] Invoking command in '/home/bot/mb6-space/uvlarm-T800/grp_T800/build/grp_T800': CMAKE_PREFIX_PATH=${CMAKE_PREFIX_PATH}:/opt/ros/iron /usr/bin/cmake --build /home/bot/mb6-space/uvlarm-T800/grp_T800/build/grp_T800 -- -j8 -l8
[0.194s] Invoked command in '/home/bot/mb6-space/uvlarm-T800/grp_T800/build/grp_T800' returned '0': CMAKE_PREFIX_PATH=${CMAKE_PREFIX_PATH}:/opt/ros/iron /usr/bin/cmake --build /home/bot/mb6-space/uvlarm-T800/grp_T800/build/grp_T800 -- -j8 -l8
[0.227s] Invoking command in '/home/bot/mb6-space/uvlarm-T800/grp_T800/build/grp_T800': CMAKE_PREFIX_PATH=${CMAKE_PREFIX_PATH}:/opt/ros/iron /usr/bin/cmake --install /home/bot/mb6-space/uvlarm-T800/grp_T800/build/grp_T800
[0.236s] -- Install configuration: ""
[0.238s] -- Installing: /home/bot/mb6-space/uvlarm-T800/grp_T800/install/grp_T800/lib/grp_T800/scan_echo.py
[0.238s] -- Up-to-date: /home/bot/mb6-space/uvlarm-T800/grp_T800/install/grp_T800/lib/grp_T800/test-camera.py
[0.238s] -- Installing: /home/bot/mb6-space/uvlarm-T800/grp_T800/install/grp_T800/lib/grp_T800/vision_test.py
[0.239s] -- Up-to-date: /home/bot/mb6-space/uvlarm-T800/grp_T800/install/grp_T800/share/grp_T800//launch
[0.240s] -- Installing: /home/bot/mb6-space/uvlarm-T800/grp_T800/install/grp_T800/share/grp_T800//launch/vision_launch.yaml
[0.241s] -- Installing: /home/bot/mb6-space/uvlarm-T800/grp_T800/install/grp_T800/share/grp_T800//launch/tbot_launch.yaml
[0.241s] -- Installing: /home/bot/mb6-space/uvlarm-T800/grp_T800/install/grp_T800/share/grp_T800//launch/sim_launch.yaml
[0.242s] -- Up-to-date: /home/bot/mb6-space/uvlarm-T800/grp_T800/install/grp_T800/share/ament_index/resource_index/package_run_dependencies/grp_T800
[0.242s] -- Up-to-date: /home/bot/mb6-space/uvlarm-T800/grp_T800/install/grp_T800/share/ament_index/resource_index/parent_prefix_path/grp_T800
[0.242s] -- Up-to-date: /home/bot/mb6-space/uvlarm-T800/grp_T800/install/grp_T800/share/grp_T800/environment/ament_prefix_path.sh
[0.242s] -- Up-to-date: /home/bot/mb6-space/uvlarm-T800/grp_T800/install/grp_T800/share/grp_T800/environment/ament_prefix_path.dsv
[0.242s] -- Up-to-date: /home/bot/mb6-space/uvlarm-T800/grp_T800/install/grp_T800/share/grp_T800/environment/path.sh
[0.243s] -- Up-to-date: /home/bot/mb6-space/uvlarm-T800/grp_T800/install/grp_T800/share/grp_T800/environment/path.dsv
[0.243s] -- Up-to-date: /home/bot/mb6-space/uvlarm-T800/grp_T800/install/grp_T800/share/grp_T800/local_setup.bash
[0.243s] -- Up-to-date: /home/bot/mb6-space/uvlarm-T800/grp_T800/install/grp_T800/share/grp_T800/local_setup.sh
[0.243s] -- Up-to-date: /home/bot/mb6-space/uvlarm-T800/grp_T800/install/grp_T800/share/grp_T800/local_setup.zsh
[0.243s] -- Up-to-date: /home/bot/mb6-space/uvlarm-T800/grp_T800/install/grp_T800/share/grp_T800/local_setup.dsv
[0.243s] -- Up-to-date: /home/bot/mb6-space/uvlarm-T800/grp_T800/install/grp_T800/share/grp_T800/package.dsv
[0.243s] -- Up-to-date: /home/bot/mb6-space/uvlarm-T800/grp_T800/install/grp_T800/share/ament_index/resource_index/packages/grp_T800
[0.243s] -- Up-to-date: /home/bot/mb6-space/uvlarm-T800/grp_T800/install/grp_T800/share/grp_T800/cmake/grp_T800Config.cmake
[0.243s] -- Up-to-date: /home/bot/mb6-space/uvlarm-T800/grp_T800/install/grp_T800/share/grp_T800/cmake/grp_T800Config-version.cmake
[0.243s] -- Up-to-date: /home/bot/mb6-space/uvlarm-T800/grp_T800/install/grp_T800/share/grp_T800/package.xml
[0.245s] Invoked command in '/home/bot/mb6-space/uvlarm-T800/grp_T800/build/grp_T800' returned '0': CMAKE_PREFIX_PATH=${CMAKE_PREFIX_PATH}:/opt/ros/iron /usr/bin/cmake --install /home/bot/mb6-space/uvlarm-T800/grp_T800/build/grp_T800
