[0.121s] Invoking command in '/home/bot/mb6-space/uvlarm-T800/build/tuto_kickoff': CMAKE_PREFIX_PATH=${CMAKE_PREFIX_PATH}:/opt/ros/iron /usr/bin/cmake --build /home/bot/mb6-space/uvlarm-T800/build/tuto_kickoff -- -j8 -l8
[0.163s] Invoked command in '/home/bot/mb6-space/uvlarm-T800/build/tuto_kickoff' returned '0': CMAKE_PREFIX_PATH=${CMAKE_PREFIX_PATH}:/opt/ros/iron /usr/bin/cmake --build /home/bot/mb6-space/uvlarm-T800/build/tuto_kickoff -- -j8 -l8
[0.197s] Invoking command in '/home/bot/mb6-space/uvlarm-T800/build/tuto_kickoff': CMAKE_PREFIX_PATH=${CMAKE_PREFIX_PATH}:/opt/ros/iron /usr/bin/cmake --install /home/bot/mb6-space/uvlarm-T800/build/tuto_kickoff
[0.212s] -- Install configuration: ""
[0.212s] -- Up-to-date: /home/bot/mb6-space/uvlarm-T800/install/tuto_kickoff/lib/tuto_kickoff/myNode
[0.212s] -- Up-to-date: /home/bot/mb6-space/uvlarm-T800/install/tuto_kickoff/share/tuto_kickoff//launch
[0.212s] -- Up-to-date: /home/bot/mb6-space/uvlarm-T800/install/tuto_kickoff/share/tuto_kickoff//launch/challenge-1.launch.py
[0.213s] -- Up-to-date: /home/bot/mb6-space/uvlarm-T800/install/tuto_kickoff/share/ament_index/resource_index/package_run_dependencies/tuto_kickoff
[0.213s] -- Up-to-date: /home/bot/mb6-space/uvlarm-T800/install/tuto_kickoff/share/ament_index/resource_index/parent_prefix_path/tuto_kickoff
[0.213s] -- Up-to-date: /home/bot/mb6-space/uvlarm-T800/install/tuto_kickoff/share/tuto_kickoff/environment/ament_prefix_path.sh
[0.213s] -- Up-to-date: /home/bot/mb6-space/uvlarm-T800/install/tuto_kickoff/share/tuto_kickoff/environment/ament_prefix_path.dsv
[0.213s] -- Up-to-date: /home/bot/mb6-space/uvlarm-T800/install/tuto_kickoff/share/tuto_kickoff/environment/path.sh
[0.214s] -- Up-to-date: /home/bot/mb6-space/uvlarm-T800/install/tuto_kickoff/share/tuto_kickoff/environment/path.dsv
[0.214s] -- Up-to-date: /home/bot/mb6-space/uvlarm-T800/install/tuto_kickoff/share/tuto_kickoff/local_setup.bash
[0.214s] -- Up-to-date: /home/bot/mb6-space/uvlarm-T800/install/tuto_kickoff/share/tuto_kickoff/local_setup.sh
[0.214s] -- Up-to-date: /home/bot/mb6-space/uvlarm-T800/install/tuto_kickoff/share/tuto_kickoff/local_setup.zsh
[0.214s] -- Up-to-date: /home/bot/mb6-space/uvlarm-T800/install/tuto_kickoff/share/tuto_kickoff/local_setup.dsv
[0.215s] -- Installing: /home/bot/mb6-space/uvlarm-T800/install/tuto_kickoff/share/tuto_kickoff/package.dsv
[0.215s] -- Up-to-date: /home/bot/mb6-space/uvlarm-T800/install/tuto_kickoff/share/ament_index/resource_index/packages/tuto_kickoff
[0.215s] -- Up-to-date: /home/bot/mb6-space/uvlarm-T800/install/tuto_kickoff/share/tuto_kickoff/cmake/tuto_kickoffConfig.cmake
[0.215s] -- Up-to-date: /home/bot/mb6-space/uvlarm-T800/install/tuto_kickoff/share/tuto_kickoff/cmake/tuto_kickoffConfig-version.cmake
[0.215s] -- Up-to-date: /home/bot/mb6-space/uvlarm-T800/install/tuto_kickoff/share/tuto_kickoff/package.xml
[0.357s] Invoked command in '/home/bot/mb6-space/uvlarm-T800/build/tuto_kickoff' returned '0': CMAKE_PREFIX_PATH=${CMAKE_PREFIX_PATH}:/opt/ros/iron /usr/bin/cmake --install /home/bot/mb6-space/uvlarm-T800/build/tuto_kickoff
