[0.392s] Invoking command in '/home/bot/mb6-space/uvlarm-T800/build/T-800': CMAKE_PREFIX_PATH=${CMAKE_PREFIX_PATH}:/opt/ros/iron /usr/bin/cmake --build /home/bot/mb6-space/uvlarm-T800/build/T-800 -- -j8 -l8
[0.437s] Invoked command in '/home/bot/mb6-space/uvlarm-T800/build/T-800' returned '0': CMAKE_PREFIX_PATH=${CMAKE_PREFIX_PATH}:/opt/ros/iron /usr/bin/cmake --build /home/bot/mb6-space/uvlarm-T800/build/T-800 -- -j8 -l8
[0.476s] Invoking command in '/home/bot/mb6-space/uvlarm-T800/build/T-800': CMAKE_PREFIX_PATH=${CMAKE_PREFIX_PATH}:/opt/ros/iron /usr/bin/cmake --install /home/bot/mb6-space/uvlarm-T800/build/T-800
[0.488s] -- Install configuration: ""
[0.488s] -- Up-to-date: /home/bot/mb6-space/uvlarm-T800/install/T-800/share/ament_index/resource_index/package_run_dependencies/T-800
[0.488s] -- Up-to-date: /home/bot/mb6-space/uvlarm-T800/install/T-800/share/ament_index/resource_index/parent_prefix_path/T-800
[0.489s] -- Up-to-date: /home/bot/mb6-space/uvlarm-T800/install/T-800/share/T-800/environment/ament_prefix_path.sh
[0.489s] -- Up-to-date: /home/bot/mb6-space/uvlarm-T800/install/T-800/share/T-800/environment/ament_prefix_path.dsv
[0.489s] -- Up-to-date: /home/bot/mb6-space/uvlarm-T800/install/T-800/share/T-800/environment/path.sh
[0.489s] -- Up-to-date: /home/bot/mb6-space/uvlarm-T800/install/T-800/share/T-800/environment/path.dsv
[0.490s] -- Up-to-date: /home/bot/mb6-space/uvlarm-T800/install/T-800/share/T-800/local_setup.bash
[0.490s] -- Up-to-date: /home/bot/mb6-space/uvlarm-T800/install/T-800/share/T-800/local_setup.sh
[0.490s] -- Up-to-date: /home/bot/mb6-space/uvlarm-T800/install/T-800/share/T-800/local_setup.zsh
[0.490s] -- Up-to-date: /home/bot/mb6-space/uvlarm-T800/install/T-800/share/T-800/local_setup.dsv
[0.491s] -- Installing: /home/bot/mb6-space/uvlarm-T800/install/T-800/share/T-800/package.dsv
[0.492s] -- Up-to-date: /home/bot/mb6-space/uvlarm-T800/install/T-800/share/ament_index/resource_index/packages/T-800
[0.492s] -- Up-to-date: /home/bot/mb6-space/uvlarm-T800/install/T-800/share/T-800/cmake/T-800Config.cmake
[0.493s] -- Up-to-date: /home/bot/mb6-space/uvlarm-T800/install/T-800/share/T-800/cmake/T-800Config-version.cmake
[0.493s] -- Up-to-date: /home/bot/mb6-space/uvlarm-T800/install/T-800/share/T-800/package.xml
[0.633s] Invoked command in '/home/bot/mb6-space/uvlarm-T800/build/T-800' returned '0': CMAKE_PREFIX_PATH=${CMAKE_PREFIX_PATH}:/opt/ros/iron /usr/bin/cmake --install /home/bot/mb6-space/uvlarm-T800/build/T-800
