[1.268s] DEBUG:colcon:Command line arguments: ['/usr/bin/colcon', 'build']
[1.269s] DEBUG:colcon:Parsed command line arguments: Namespace(log_base=None, log_level=None, verb_name='build', build_base='build', install_base='install', merge_install=False, symlink_install=False, test_result_base=None, continue_on_error=False, executor='parallel', parallel_workers=8, event_handlers=None, ignore_user_meta=False, metas=['./colcon.meta'], base_paths=['.'], packages_ignore=None, packages_ignore_regex=None, paths=None, packages_up_to=None, packages_up_to_regex=None, packages_above=None, packages_above_and_dependencies=None, packages_above_depth=None, packages_select_by_dep=None, packages_skip_by_dep=None, packages_skip_up_to=None, packages_select_build_failed=False, packages_skip_build_finished=False, packages_select_test_failures=False, packages_skip_test_passed=False, packages_select=None, packages_skip=None, packages_select_regex=None, packages_skip_regex=None, packages_start=None, packages_end=None, allow_overriding=[], cmake_args=None, cmake_target=None, cmake_target_skip_unavailable=False, cmake_clean_cache=False, cmake_clean_first=False, cmake_force_configure=False, ament_cmake_args=None, catkin_cmake_args=None, catkin_skip_building_tests=False, verb_parser=<colcon_defaults.argument_parser.defaults.DefaultArgumentsDecorator object at 0x7f36cb4d4880>, verb_extension=<colcon_core.verb.build.BuildVerb object at 0x7f36cb7a62c0>, main=<bound method BuildVerb.main of <colcon_core.verb.build.BuildVerb object at 0x7f36cb7a62c0>>)
[1.323s] Level 1:colcon.colcon_core.package_discovery:discover_packages(colcon_meta) check parameters
[1.323s] Level 1:colcon.colcon_core.package_discovery:discover_packages(recursive) check parameters
[1.323s] Level 1:colcon.colcon_core.package_discovery:discover_packages(ignore) check parameters
[1.323s] Level 1:colcon.colcon_core.package_discovery:discover_packages(path) check parameters
[1.323s] Level 1:colcon.colcon_core.package_discovery:discover_packages(colcon_meta) discover
[1.323s] Level 1:colcon.colcon_core.package_discovery:discover_packages(recursive) discover
[1.323s] INFO:colcon.colcon_core.package_discovery:Crawling recursively for packages in '/home/bot/mb6-space/uvlarm-T800/grp_T800'
[1.323s] Level 1:colcon.colcon_core.package_identification:_identify(.) by extensions ['ignore', 'ignore_ament_install']
[1.323s] Level 1:colcon.colcon_core.package_identification:_identify(.) by extension 'ignore'
[1.323s] Level 1:colcon.colcon_core.package_identification:_identify(.) by extension 'ignore_ament_install'
[1.323s] Level 1:colcon.colcon_core.package_identification:_identify(.) by extensions ['colcon_pkg']
[1.323s] Level 1:colcon.colcon_core.package_identification:_identify(.) by extension 'colcon_pkg'
[1.323s] Level 1:colcon.colcon_core.package_identification:_identify(.) by extensions ['colcon_meta']
[1.323s] Level 1:colcon.colcon_core.package_identification:_identify(.) by extension 'colcon_meta'
[1.323s] Level 1:colcon.colcon_core.package_identification:_identify(.) by extensions ['ros']
[1.324s] Level 1:colcon.colcon_core.package_identification:_identify(.) by extension 'ros'
[1.336s] DEBUG:colcon.colcon_core.package_identification:Package '.' with type 'ros.ament_cmake' and name 'grp_T800'
[1.336s] Level 1:colcon.colcon_core.package_discovery:discover_packages(recursive) using defaults
[1.336s] Level 1:colcon.colcon_core.package_discovery:discover_packages(ignore) discover
[1.336s] Level 1:colcon.colcon_core.package_discovery:discover_packages(ignore) using defaults
[1.336s] Level 1:colcon.colcon_core.package_discovery:discover_packages(path) discover
[1.336s] Level 1:colcon.colcon_core.package_discovery:discover_packages(path) using defaults
[1.458s] Level 1:colcon.colcon_core.package_discovery:discover_packages(prefix_path) check parameters
[1.458s] Level 1:colcon.colcon_core.package_discovery:discover_packages(prefix_path) discover
[1.497s] DEBUG:colcon.colcon_installed_package_information.package_discovery:Found 11 installed packages in /home/bot/mb6-space/install
[1.516s] DEBUG:colcon.colcon_installed_package_information.package_discovery:Found 363 installed packages in /opt/ros/iron
[1.518s] Level 1:colcon.colcon_core.package_discovery:discover_packages(prefix_path) using defaults
[1.611s] Level 5:colcon.colcon_core.verb:set package 'grp_T800' build argument 'cmake_args' from command line to 'None'
[1.611s] Level 5:colcon.colcon_core.verb:set package 'grp_T800' build argument 'cmake_target' from command line to 'None'
[1.611s] Level 5:colcon.colcon_core.verb:set package 'grp_T800' build argument 'cmake_target_skip_unavailable' from command line to 'False'
[1.611s] Level 5:colcon.colcon_core.verb:set package 'grp_T800' build argument 'cmake_clean_cache' from command line to 'False'
[1.611s] Level 5:colcon.colcon_core.verb:set package 'grp_T800' build argument 'cmake_clean_first' from command line to 'False'
[1.611s] Level 5:colcon.colcon_core.verb:set package 'grp_T800' build argument 'cmake_force_configure' from command line to 'False'
[1.611s] Level 5:colcon.colcon_core.verb:set package 'grp_T800' build argument 'ament_cmake_args' from command line to 'None'
[1.611s] Level 5:colcon.colcon_core.verb:set package 'grp_T800' build argument 'catkin_cmake_args' from command line to 'None'
[1.611s] Level 5:colcon.colcon_core.verb:set package 'grp_T800' build argument 'catkin_skip_building_tests' from command line to 'False'
[1.611s] DEBUG:colcon.colcon_core.verb:Building package 'grp_T800' with the following arguments: {'ament_cmake_args': None, 'build_base': '/home/bot/mb6-space/uvlarm-T800/grp_T800/build/grp_T800', 'catkin_cmake_args': None, 'catkin_skip_building_tests': False, 'cmake_args': None, 'cmake_clean_cache': False, 'cmake_clean_first': False, 'cmake_force_configure': False, 'cmake_target': None, 'cmake_target_skip_unavailable': False, 'install_base': '/home/bot/mb6-space/uvlarm-T800/grp_T800/install/grp_T800', 'merge_install': False, 'path': '/home/bot/mb6-space/uvlarm-T800/grp_T800', 'symlink_install': False, 'test_result_base': None}
[1.630s] INFO:colcon.colcon_core.executor:Executing jobs using 'parallel' executor
[1.649s] DEBUG:colcon.colcon_parallel_executor.executor.parallel:run_until_complete
[1.650s] INFO:colcon.colcon_ros.task.ament_cmake.build:Building ROS package in '/home/bot/mb6-space/uvlarm-T800/grp_T800' with build type 'ament_cmake'
[1.650s] INFO:colcon.colcon_cmake.task.cmake.build:Building CMake package in '/home/bot/mb6-space/uvlarm-T800/grp_T800'
[1.671s] INFO:colcon.colcon_core.plugin_system:Skipping extension 'colcon_core.shell.bat': Not used on non-Windows systems
[1.671s] INFO:colcon.colcon_core.shell:Skip shell extension 'powershell' for command environment: Not usable outside of PowerShell
[1.671s] DEBUG:colcon.colcon_core.shell:Skip shell extension 'dsv' for command environment
[1.741s] DEBUG:colcon.colcon_core.event_handler.log_command:Invoking command in '/home/bot/mb6-space/uvlarm-T800/grp_T800/build/grp_T800': CMAKE_PREFIX_PATH=${CMAKE_PREFIX_PATH}:/opt/ros/iron /usr/bin/cmake /home/bot/mb6-space/uvlarm-T800/grp_T800 -DCMAKE_INSTALL_PREFIX=/home/bot/mb6-space/uvlarm-T800/grp_T800/install/grp_T800
[2.408s] DEBUG:colcon.colcon_core.event_handler.log_command:Invoked command in '/home/bot/mb6-space/uvlarm-T800/grp_T800/build/grp_T800' returned '0': CMAKE_PREFIX_PATH=${CMAKE_PREFIX_PATH}:/opt/ros/iron /usr/bin/cmake /home/bot/mb6-space/uvlarm-T800/grp_T800 -DCMAKE_INSTALL_PREFIX=/home/bot/mb6-space/uvlarm-T800/grp_T800/install/grp_T800
[2.411s] DEBUG:colcon.colcon_core.event_handler.log_command:Invoking command in '/home/bot/mb6-space/uvlarm-T800/grp_T800/build/grp_T800': CMAKE_PREFIX_PATH=${CMAKE_PREFIX_PATH}:/opt/ros/iron /usr/bin/cmake --build /home/bot/mb6-space/uvlarm-T800/grp_T800/build/grp_T800 -- -j8 -l8
[2.453s] DEBUG:colcon.colcon_core.event_handler.log_command:Invoked command in '/home/bot/mb6-space/uvlarm-T800/grp_T800/build/grp_T800' returned '0': CMAKE_PREFIX_PATH=${CMAKE_PREFIX_PATH}:/opt/ros/iron /usr/bin/cmake --build /home/bot/mb6-space/uvlarm-T800/grp_T800/build/grp_T800 -- -j8 -l8
[2.486s] DEBUG:colcon.colcon_core.event_handler.log_command:Invoking command in '/home/bot/mb6-space/uvlarm-T800/grp_T800/build/grp_T800': CMAKE_PREFIX_PATH=${CMAKE_PREFIX_PATH}:/opt/ros/iron /usr/bin/cmake --install /home/bot/mb6-space/uvlarm-T800/grp_T800/build/grp_T800
[2.498s] Level 1:colcon.colcon_core.environment:create_environment_scripts_only(grp_T800)
[2.499s] DEBUG:colcon.colcon_core.event_handler.log_command:Invoked command in '/home/bot/mb6-space/uvlarm-T800/grp_T800/build/grp_T800' returned '0': CMAKE_PREFIX_PATH=${CMAKE_PREFIX_PATH}:/opt/ros/iron /usr/bin/cmake --install /home/bot/mb6-space/uvlarm-T800/grp_T800/build/grp_T800
[2.523s] Level 1:colcon.colcon_core.environment:checking '/home/bot/mb6-space/uvlarm-T800/grp_T800/install/grp_T800' for CMake module files
[2.524s] Level 1:colcon.colcon_core.environment:checking '/home/bot/mb6-space/uvlarm-T800/grp_T800/install/grp_T800' for CMake config files
[2.524s] Level 1:colcon.colcon_core.shell:create_environment_hook('grp_T800', 'cmake_prefix_path')
[2.544s] INFO:colcon.colcon_core.shell:Creating environment hook '/home/bot/mb6-space/uvlarm-T800/grp_T800/install/grp_T800/share/grp_T800/hook/cmake_prefix_path.ps1'
[2.544s] INFO:colcon.colcon_core.shell:Creating environment descriptor '/home/bot/mb6-space/uvlarm-T800/grp_T800/install/grp_T800/share/grp_T800/hook/cmake_prefix_path.dsv'
[2.545s] INFO:colcon.colcon_core.shell:Creating environment hook '/home/bot/mb6-space/uvlarm-T800/grp_T800/install/grp_T800/share/grp_T800/hook/cmake_prefix_path.sh'
[2.545s] Level 1:colcon.colcon_core.environment:checking '/home/bot/mb6-space/uvlarm-T800/grp_T800/install/grp_T800/lib'
[2.546s] Level 1:colcon.colcon_core.environment:checking '/home/bot/mb6-space/uvlarm-T800/grp_T800/install/grp_T800/bin'
[2.546s] Level 1:colcon.colcon_core.environment:checking '/home/bot/mb6-space/uvlarm-T800/grp_T800/install/grp_T800/lib/pkgconfig/grp_T800.pc'
[2.546s] Level 1:colcon.colcon_core.environment:checking '/home/bot/mb6-space/uvlarm-T800/grp_T800/install/grp_T800/lib/python3.10/site-packages'
[2.546s] Level 1:colcon.colcon_core.environment:checking '/home/bot/mb6-space/uvlarm-T800/grp_T800/install/grp_T800/bin'
[2.565s] INFO:colcon.colcon_core.shell:Creating package script '/home/bot/mb6-space/uvlarm-T800/grp_T800/install/grp_T800/share/grp_T800/package.ps1'
[2.566s] INFO:colcon.colcon_core.shell:Creating package descriptor '/home/bot/mb6-space/uvlarm-T800/grp_T800/install/grp_T800/share/grp_T800/package.dsv'
[2.566s] INFO:colcon.colcon_core.shell:Creating package script '/home/bot/mb6-space/uvlarm-T800/grp_T800/install/grp_T800/share/grp_T800/package.sh'
[2.567s] INFO:colcon.colcon_core.shell:Creating package script '/home/bot/mb6-space/uvlarm-T800/grp_T800/install/grp_T800/share/grp_T800/package.bash'
[2.567s] INFO:colcon.colcon_core.shell:Creating package script '/home/bot/mb6-space/uvlarm-T800/grp_T800/install/grp_T800/share/grp_T800/package.zsh'
[2.568s] Level 1:colcon.colcon_core.environment:create_file_with_runtime_dependencies(/home/bot/mb6-space/uvlarm-T800/grp_T800/install/grp_T800/share/colcon-core/packages/grp_T800)
[2.616s] Level 1:colcon.colcon_core.environment:create_environment_scripts_only(grp_T800)
[2.636s] Level 1:colcon.colcon_core.environment:checking '/home/bot/mb6-space/uvlarm-T800/grp_T800/install/grp_T800' for CMake module files
[2.636s] Level 1:colcon.colcon_core.environment:checking '/home/bot/mb6-space/uvlarm-T800/grp_T800/install/grp_T800' for CMake config files
[2.637s] Level 1:colcon.colcon_core.shell:create_environment_hook('grp_T800', 'cmake_prefix_path')
[2.656s] INFO:colcon.colcon_core.shell:Creating environment hook '/home/bot/mb6-space/uvlarm-T800/grp_T800/install/grp_T800/share/grp_T800/hook/cmake_prefix_path.ps1'
[2.656s] INFO:colcon.colcon_core.shell:Creating environment descriptor '/home/bot/mb6-space/uvlarm-T800/grp_T800/install/grp_T800/share/grp_T800/hook/cmake_prefix_path.dsv'
[2.657s] INFO:colcon.colcon_core.shell:Creating environment hook '/home/bot/mb6-space/uvlarm-T800/grp_T800/install/grp_T800/share/grp_T800/hook/cmake_prefix_path.sh'
[2.657s] Level 1:colcon.colcon_core.environment:checking '/home/bot/mb6-space/uvlarm-T800/grp_T800/install/grp_T800/lib'
[2.657s] Level 1:colcon.colcon_core.environment:checking '/home/bot/mb6-space/uvlarm-T800/grp_T800/install/grp_T800/bin'
[2.657s] Level 1:colcon.colcon_core.environment:checking '/home/bot/mb6-space/uvlarm-T800/grp_T800/install/grp_T800/lib/pkgconfig/grp_T800.pc'
[2.657s] Level 1:colcon.colcon_core.environment:checking '/home/bot/mb6-space/uvlarm-T800/grp_T800/install/grp_T800/lib/python3.10/site-packages'
[2.657s] Level 1:colcon.colcon_core.environment:checking '/home/bot/mb6-space/uvlarm-T800/grp_T800/install/grp_T800/bin'
[2.676s] INFO:colcon.colcon_core.shell:Creating package script '/home/bot/mb6-space/uvlarm-T800/grp_T800/install/grp_T800/share/grp_T800/package.ps1'
[2.677s] INFO:colcon.colcon_core.shell:Creating package descriptor '/home/bot/mb6-space/uvlarm-T800/grp_T800/install/grp_T800/share/grp_T800/package.dsv'
[2.677s] INFO:colcon.colcon_core.shell:Creating package script '/home/bot/mb6-space/uvlarm-T800/grp_T800/install/grp_T800/share/grp_T800/package.sh'
[2.678s] INFO:colcon.colcon_core.shell:Creating package script '/home/bot/mb6-space/uvlarm-T800/grp_T800/install/grp_T800/share/grp_T800/package.bash'
[2.678s] INFO:colcon.colcon_core.shell:Creating package script '/home/bot/mb6-space/uvlarm-T800/grp_T800/install/grp_T800/share/grp_T800/package.zsh'
[2.679s] Level 1:colcon.colcon_core.environment:create_file_with_runtime_dependencies(/home/bot/mb6-space/uvlarm-T800/grp_T800/install/grp_T800/share/colcon-core/packages/grp_T800)
[2.679s] DEBUG:colcon.colcon_parallel_executor.executor.parallel:closing loop
[2.679s] DEBUG:colcon.colcon_parallel_executor.executor.parallel:loop closed
[2.679s] DEBUG:colcon.colcon_parallel_executor.executor.parallel:run_until_complete finished with '0'
[2.680s] DEBUG:colcon.colcon_core.event_reactor:joining thread
[2.704s] INFO:colcon.colcon_core.plugin_system:Skipping extension 'colcon_notification.desktop_notification.notify_send': Could not find 'notify-send'
[2.704s] INFO:colcon.colcon_core.plugin_system:Skipping extension 'colcon_notification.desktop_notification.terminal_notifier': Not used on non-Darwin systems
[2.704s] INFO:colcon.colcon_core.plugin_system:Skipping extension 'colcon_notification.desktop_notification.win32': Not used on non-Windows systems
[2.704s] INFO:colcon.colcon_notification.desktop_notification:Sending desktop notification using 'notify2'
[2.717s] DEBUG:colcon.colcon_core.event_reactor:joined thread
[2.738s] INFO:colcon.colcon_core.shell:Creating prefix script '/home/bot/mb6-space/uvlarm-T800/grp_T800/install/local_setup.ps1'
[2.739s] INFO:colcon.colcon_core.shell:Creating prefix util module '/home/bot/mb6-space/uvlarm-T800/grp_T800/install/_local_setup_util_ps1.py'
[2.740s] INFO:colcon.colcon_core.shell:Creating prefix chain script '/home/bot/mb6-space/uvlarm-T800/grp_T800/install/setup.ps1'
[2.761s] INFO:colcon.colcon_core.shell:Creating prefix script '/home/bot/mb6-space/uvlarm-T800/grp_T800/install/local_setup.sh'
[2.762s] INFO:colcon.colcon_core.shell:Creating prefix util module '/home/bot/mb6-space/uvlarm-T800/grp_T800/install/_local_setup_util_sh.py'
[2.762s] INFO:colcon.colcon_core.shell:Creating prefix chain script '/home/bot/mb6-space/uvlarm-T800/grp_T800/install/setup.sh'
[2.783s] INFO:colcon.colcon_core.shell:Creating prefix script '/home/bot/mb6-space/uvlarm-T800/grp_T800/install/local_setup.bash'
[2.783s] INFO:colcon.colcon_core.shell:Creating prefix chain script '/home/bot/mb6-space/uvlarm-T800/grp_T800/install/setup.bash'
[2.803s] INFO:colcon.colcon_core.shell:Creating prefix script '/home/bot/mb6-space/uvlarm-T800/grp_T800/install/local_setup.zsh'
[2.804s] INFO:colcon.colcon_core.shell:Creating prefix chain script '/home/bot/mb6-space/uvlarm-T800/grp_T800/install/setup.zsh'
